[1221/231033.857:INFO:CONSOLE(0)] "HTML Imports is deprecated and will be removed in M73, around March 2019. Please use ES modules instead. See https://www.chromestatus.com/features/5144752345317376 for more details.", source:  (0)
[1221/231035.003:INFO:CONSOLE(0)] "Refused to display 'https://accounts.google.com/ServiceLogin?continue=https%3A%2F%2Fwww.youtube.com%2Fsignin%3Fnext%3D%252Fsignin_passive%26action_handle_signin%3Dtrue%26feature%3Dpassive%26hl%3Den%26app%3Ddesktop&passive=true&service=youtube&uilel=3&hl=en' in a frame because it set 'X-Frame-Options' to 'deny'.", source: https://www.youtube.com/?hl=iw&gl=IL (0)
[1221/231035.322:INFO:CONSOLE(15)] "chrome.loadTimes() is deprecated, instead use standardized API: nextHopProtocol in Navigation Timing 2. https://www.chromestatus.com/features/5637885046816768.", source: https://www.youtube.com/yts/jsbin/network-vflX047bV/network.js (15)
[1221/231039.325:INFO:CONSOLE(0)] "The resource https://i.ytimg.com/generate_204 was preloaded using link preload but not used within a few seconds from the window's load event. Please make sure it has an appropriate `as` value and it is preloaded intentionally.", source:  (0)
[1221/233645.721:INFO:CONSOLE(0)] "HTML Imports is deprecated and will be removed in M73, around March 2019. Please use ES modules instead. See https://www.chromestatus.com/features/5144752345317376 for more details.", source:  (0)
[1221/233646.684:INFO:CONSOLE(0)] "Refused to display 'https://accounts.google.com/ServiceLogin?continue=https%3A%2F%2Fwww.youtube.com%2Fsignin%3Fnext%3D%252Fsignin_passive%26action_handle_signin%3Dtrue%26feature%3Dpassive%26hl%3Den%26app%3Ddesktop&passive=true&service=youtube&uilel=3&hl=en' in a frame because it set 'X-Frame-Options' to 'deny'.", source: https://www.youtube.com/ (0)
[1221/233646.944:INFO:CONSOLE(15)] "chrome.loadTimes() is deprecated, instead use standardized API: nextHopProtocol in Navigation Timing 2. https://www.chromestatus.com/features/5637885046816768.", source: https://www.youtube.com/yts/jsbin/network-vflX047bV/network.js (15)
[1221/233650.701:INFO:CONSOLE(0)] "The resource https://i.ytimg.com/generate_204 was preloaded using link preload but not used within a few seconds from the window's load event. Please make sure it has an appropriate `as` value and it is preloaded intentionally.", source:  (0)
[1221/234132.894:INFO:CONSOLE(0)] "HTML Imports is deprecated and will be removed in M73, around March 2019. Please use ES modules instead. See https://www.chromestatus.com/features/5144752345317376 for more details.", source:  (0)
[1221/234133.877:INFO:CONSOLE(0)] "Refused to display 'https://accounts.google.com/ServiceLogin?uilel=3&service=youtube&passive=true&continue=https%3A%2F%2Fwww.youtube.com%2Fsignin%3Fnext%3D%252Fsignin_passive%26hl%3Den%26feature%3Dpassive%26app%3Ddesktop%26action_handle_signin%3Dtrue&hl=en' in a frame because it set 'X-Frame-Options' to 'deny'.", source: https://www.youtube.com/ (0)
[1221/234134.146:INFO:CONSOLE(15)] "chrome.loadTimes() is deprecated, instead use standardized API: nextHopProtocol in Navigation Timing 2. https://www.chromestatus.com/features/5637885046816768.", source: https://www.youtube.com/yts/jsbin/network-vflX047bV/network.js (15)
[1221/234138.064:INFO:CONSOLE(0)] "The resource https://i.ytimg.com/generate_204 was preloaded using link preload but not used within a few seconds from the window's load event. Please make sure it has an appropriate `as` value and it is preloaded intentionally.", source:  (0)
[1221/234454.877:INFO:CONSOLE(0)] "
%cStop!", source:  (0)
[1221/234454.877:INFO:CONSOLE(0)] "
%cThis is a browser feature intended for developers. If someone told you to copy-paste something here to enable a Facebook feature or "hack" someone's account, it is a scam and will give them access to your Facebook account.", source:  (0)
[1221/234454.877:INFO:CONSOLE(0)] "
%cSee https://www.facebook.com/selfxss for more information.", source:  (0)
[1221/234454.877:INFO:CONSOLE(0)] "
%c", source:  (0)
[1221/234637.443:INFO:CONSOLE(0)] "
%cStop!", source:  (0)
[1221/234637.443:INFO:CONSOLE(0)] "
%cThis is a browser feature intended for developers. If someone told you to copy-paste something here to enable a Facebook feature or "hack" someone's account, it is a scam and will give them access to your Facebook account.", source:  (0)
[1221/234637.444:INFO:CONSOLE(0)] "
%cSee https://www.facebook.com/selfxss for more information.", source:  (0)
[1221/234637.444:INFO:CONSOLE(0)] "
%c", source:  (0)
[1221/234643.936:ERROR:shader_disk_cache.cc(258)] Failed to create shader cache entry: -2
[1221/234700.154:INFO:CONSOLE(3)] "fun-hooks: referenced 'registerAdserver' but it was never created", source: https://api.adinplay.com/libs/aiptag/pub/SSK/shellshock.io/tag.min.js (3)
[1221/234700.154:INFO:CONSOLE(26)] "
 %c %c %c AdinPlay 3.0 ✰ SSK ✰  %c  %c  ads by http://www.adinplay.com/  %c %c %c%c 

", source: https://api.adinplay.com/libs/aiptag/pub/SSK/shellshock.io/tag.min.js (26)
[1221/234700.700:ERROR:render_media_log.cc(27)] MediaEvent: MEDIA_ERROR_LOG_ENTRY {"error":"FFmpegDemuxer: no supported streams"}
[1221/234700.700:ERROR:render_media_log.cc(27)] MediaEvent: PIPELINE_ERROR DEMUXER_ERROR_NO_SUPPORTED_STREAMS
[1221/234700.889:INFO:CONSOLE(1)] "TypeError: Cannot read property 'permission' of undefined", source: https://shellshock.io/src/shellshock.min.js?1576270786 (1)
[1221/234700.890:INFO:CONSOLE(1)] "Uncaught (in promise) TypeError: Cannot read property 'permission' of undefined", source: https://cdn.onesignal.com/sdks/OneSignalPageSDKES6.js?v=150711 (1)
[1221/234701.400:INFO:CONSOLE(1)] "game type: 2", source: https://shellshock.io/src/shellshock.min.js?1576270786 (1)
[1221/234701.608:INFO:CONSOLE(1)] "Vue instance created", source: https://shellshock.io/src/shellshock.min.js?1576270786 (1)
[1221/234701.808:INFO:CONSOLE(1)] "Load news", source: https://shellshock.io/src/shellshock.min.js?1576270786 (1)
[1221/234701.808:INFO:CONSOLE(1)] "News Null", source: https://shellshock.io/src/shellshock.min.js?1576270786 (1)
[1221/234701.810:INFO:CONSOLE(1)] "Vue instance mounted", source: https://shellshock.io/src/shellshock.min.js?1576270786 (1)
[1221/234701.810:INFO:CONSOLE(1)] "create -> mount time (ms): 201.12999999764725", source: https://shellshock.io/src/shellshock.min.js?1576270786 (1)
[1221/234701.820:INFO:CONSOLE(1)] "mounted -> fully rendered time (ms): 11.330000001180451", source: https://shellshock.io/src/shellshock.min.js?1576270786 (1)
[1221/234701.821:INFO:CONSOLE(1)] "created -> fully rendered time (ms): 212.4599999988277", source: https://shellshock.io/src/shellshock.min.js?1576270786 (1)
[1221/234701.840:INFO:CONSOLE(1)] "Signing in to Firebase...", source: https://shellshock.io/src/shellshock.min.js?1576270786 (1)
[1221/234701.845:INFO:CONSOLE(1)] "auto detail: true", source: https://shellshock.io/src/shellshock.min.js?1576270786 (1)
[1221/234701.845:INFO:CONSOLE(1)] "Blocking ads: true", source: https://shellshock.io/src/shellshock.min.js?1576270786 (1)
[1221/234701.848:INFO:CONSOLE(1)] "From EU: false", source: https://shellshock.io/src/shellshock.min.js?1576270786 (1)
[1221/234701.864:INFO:CONSOLE(1)] "Babylon.js engine (v3.3.0) launched", source: https://shellshock.io/src/shellshock.min.js?1576270786 (1)
[1221/234701.921:INFO:CONSOLE(1)] "Babylon.js engine (v3.3.0) launched", source: https://shellshock.io/src/shellshock.min.js?1576270786 (1)
[1221/234701.921:INFO:CONSOLE(1)] "volume set to: 1", source: https://shellshock.io/src/shellshock.min.js?1576270786 (1)
[1221/234701.949:INFO:CONSOLE(1)] "The AudioContext was not allowed to start. It must be resumed (or created) after a user gesture on the page. https://goo.gl/7K7WLu", source: https://shellshock.io/src/shellshock.min.js?1576270786 (1)
[1221/234701.950:INFO:CONSOLE(1)] "The AudioContext was not allowed to start. It must be resumed (or created) after a user gesture on the page. https://goo.gl/7K7WLu", source: https://shellshock.io/src/shellshock.min.js?1576270786 (1)
[1221/234702.125:INFO:CONSOLE(1)] "special items tag: Eggwalker", source: https://shellshock.io/src/shellshock.min.js?1576270786 (1)
[1221/234702.131:INFO:CONSOLE(1)] "num special items: 20", source: https://shellshock.io/src/shellshock.min.js?1576270786 (1)
[1221/234702.209:WARNING:angle_platform_impl.cc(52)] compileToBinary(259): 
C:\fakepath(67,9-52): warning X3571: pow(f, e) will not work for negative f, use abs(f) or conditionally handle negative values if you expect them

[1221/234702.246:INFO:CONSOLE(1)] "Firebase: no account found", source: https://shellshock.io/src/shellshock.min.js?1576270786 (1)
[1221/234702.246:INFO:CONSOLE(1)] "Sending anon tags to OneSignal...", source: https://shellshock.io/src/shellshock.min.js?1576270786 (1)
[1221/234702.445:WARNING:angle_platform_impl.cc(52)] compileToBinary(259): 
C:\fakepath(67,23-43): warning X3571: pow(f, e) will not work for negative f, use abs(f) or conditionally handle negative values if you expect them

[1221/234702.682:INFO:CONSOLE(1)] "Set local news", source: https://shellshock.io/src/shellshock.min.js?1576270786 (1)
[1221/234704.703:INFO:CONSOLE(1)] "Firebase: anonymous user", source: https://shellshock.io/src/shellshock.min.js?1576270786 (1)
[1221/234705.956:INFO:CONSOLE(1)] "'auth' api command", source: https://shellshock.io/src/shellshock.min.js?1576270786 (1)
[1221/234705.956:INFO:CONSOLE(1)] "services server: wss://shellshock.io/services/", source: https://shellshock.io/src/shellshock.min.js?1576270786 (1)
[1221/234705.957:INFO:CONSOLE(1)] "[object WebSocket]", source: https://shellshock.io/src/shellshock.min.js?1576270786 (1)
[1221/234707.863:INFO:CONSOLE(1)] "servicesWs opened, and auth request sent", source: https://shellshock.io/src/shellshock.min.js?1576270786 (1)
[1221/234708.125:INFO:CONSOLE(1)] "Sending user tags to OneSignal...", source: https://shellshock.io/src/shellshock.min.js?1576270786 (1)
[1221/234708.131:INFO:CONSOLE(1)] "Signed in", source: https://shellshock.io/src/shellshock.min.js?1576270786 (1)
[1221/234708.131:INFO:CONSOLE(1)] "Closed: firebaseSignInPopup", source: https://shellshock.io/src/shellshock.min.js?1576270786 (1)
[1221/234708.363:INFO:CONSOLE(1)] "auth servicesWs closed, code: 1005", source: https://shellshock.io/src/shellshock.min.js?1576270786 (1)
[1221/234708.363:INFO:CONSOLE(1)] "auth ws closed, code: 1005", source: https://shellshock.io/src/shellshock.min.js?1576270786 (1)
[1221/234717.273:INFO:CONSOLE(1)] "avatar created: [object Object]", source: https://shellshock.io/src/shellshock.min.js?1576270786 (1)
[1221/234717.318:INFO:CONSOLE(1)] "Pinging servers", source: https://shellshock.io/src/shellshock.min.js?1576270786 (1)
[1221/234717.735:INFO:CONSOLE(1)] "Pinging Germany", source: https://shellshock.io/src/shellshock.min.js?1576270786 (1)
[1221/234717.816:INFO:CONSOLE(1)] "Germany: 79", source: https://shellshock.io/src/shellshock.min.js?1576270786 (1)
[1221/234718.060:INFO:CONSOLE(1)] "Pinging US East", source: https://shellshock.io/src/shellshock.min.js?1576270786 (1)
[1221/234718.146:INFO:CONSOLE(1)] "Pinging US Central", source: https://shellshock.io/src/shellshock.min.js?1576270786 (1)
[1221/234718.217:INFO:CONSOLE(1)] "US East: 157", source: https://shellshock.io/src/shellshock.min.js?1576270786 (1)
[1221/234718.280:INFO:CONSOLE(1)] "Pinging US West", source: https://shellshock.io/src/shellshock.min.js?1576270786 (1)
[1221/234718.321:INFO:CONSOLE(1)] "US West timed out", source: https://shellshock.io/src/shellshock.min.js?1576270786 (1)
[1221/234718.321:INFO:CONSOLE(1)] "US Central timed out", source: https://shellshock.io/src/shellshock.min.js?1576270786 (1)
[1221/234718.322:INFO:CONSOLE(1)] "Brazil timed out", source: https://shellshock.io/src/shellshock.min.js?1576270786 (1)
[1221/234718.322:INFO:CONSOLE(1)] "WebSocket connection to 'wss://brazil2.shellshock.io/' failed: WebSocket is closed before the connection is established.", source: https://shellshock.io/src/shellshock.min.js?1576270786 (1)
[1221/234718.322:INFO:CONSOLE(1)] "Singapore timed out", source: https://shellshock.io/src/shellshock.min.js?1576270786 (1)
[1221/234718.329:INFO:CONSOLE(1)] "After Game Ready", source: https://shellshock.io/src/shellshock.min.js?1576270786 (1)
[1221/234718.355:INFO:CONSOLE(1)] "WebSocket connection to 'wss://singapore2.shellshock.io/' failed: WebSocket is closed before the connection is established.", source: https://shellshock.io/src/shellshock.min.js?1576270786 (1)
[1221/234718.375:INFO:CONSOLE(1)] "Sydney timed out", source: https://shellshock.io/src/shellshock.min.js?1576270786 (1)
[1221/234718.376:INFO:CONSOLE(1)] "WebSocket connection to 'wss://sydney.shellshock.io/' failed: WebSocket is closed before the connection is established.", source: https://shellshock.io/src/shellshock.min.js?1576270786 (1)
[1221/234719.099:INFO:CONSOLE(410)] "Powered by AMP ⚡ HTML – Version 1912120230490", source: https://cdn.ampproject.org/rtv/201912120230490/amp4ads-v0.js (410)
[1221/234719.951:INFO:CONSOLE(1)] "big ad closed", source: https://shellshock.io/src/shellshock.min.js?1576270786 (1)
[1221/234719.952:INFO:CONSOLE(1)] "big house ad closed event received", source: https://shellshock.io/src/shellshock.min.js?1576270786 (1)
[1221/234719.955:INFO:CONSOLE(1)] "big ad closed", source: https://shellshock.io/src/shellshock.min.js?1576270786 (1)
[1221/234719.955:INFO:CONSOLE(1)] "big house ad closed event received", source: https://shellshock.io/src/shellshock.min.js?1576270786 (1)
[1221/234722.315:INFO:CONSOLE(1)] "play(): {"playType":0,"gameType":2,"playerName":"NoobBird79","mapIdx":-1}", source: https://shellshock.io/src/shellshock.min.js?1576270786 (1)
[1221/234722.315:INFO:CONSOLE(1)] "volume set to: 1", source: https://shellshock.io/src/shellshock.min.js?1576270786 (1)
[1221/234722.316:INFO:CONSOLE(1)] "joinGame(), params: {"playType":0,"gameType":2,"playerName":"NoobBird79","mapIdx":-1}", source: https://shellshock.io/src/shellshock.min.js?1576270786 (1)
[1221/234722.317:INFO:CONSOLE(1)] "here - ready to show spinny", source: https://shellshock.io/src/shellshock.min.js?1576270786 (1)
[1221/234722.327:INFO:CONSOLE(1)] "Connecting to: wss://frankfurt2.shellshock.io", source: https://shellshock.io/src/shellshock.min.js?1576270786 (1)
[1221/234722.525:INFO:CONSOLE(1)] "WebSocket opened", source: https://shellshock.io/src/shellshock.min.js?1576270786 (1)
[1221/234722.536:INFO:CONSOLE(1)] "firebaseId: HI11xVZpxhM4eaTexEPKFBIST5F2", source: https://shellshock.io/src/shellshock.min.js?1576270786 (1)
[1221/234722.581:INFO:CONSOLE(412)] "Powered by AMP ⚡ HTML – Version 1912050130240", source: https://cdn.ampproject.org/rtv/011912050130240/amp4ads-v0.js (412)
[1221/234723.042:INFO:CONSOLE(1)] "CommCode.gameJoined received", source: https://shellshock.io/src/shellshock.min.js?1576270786 (1)
[1221/234723.042:INFO:CONSOLE(1)] "game joined: game type:  2", source: https://shellshock.io/src/shellshock.min.js?1576270786 (1)
[1221/234723.043:INFO:CONSOLE(1)] "is game owner: false", source: https://shellshock.io/src/shellshock.min.js?1576270786 (1)
[1221/234723.052:INFO:CONSOLE(1)] "Performance warning: clear() called with no buffers in bitmask", source: https://shellshock.io/src/shellshock.min.js?1576270786 (1)
[1221/234723.071:INFO:CONSOLE(1)] "resetGameUI", source: https://shellshock.io/src/shellshock.min.js?1576270786 (1)
[1221/234724.959:INFO:CONSOLE(1)] "onLoadingComplete", source: https://shellshock.io/src/shellshock.min.js?1576270786 (1)
[1221/234724.962:INFO:CONSOLE(1)] "MAP IDX: 7", source: https://shellshock.io/src/shellshock.min.js?1576270786 (1)
[1221/234726.962:INFO:CONSOLE(1)] "Casting rays", source: https://shellshock.io/src/shellshock.min.js?1576270786 (1)
[1221/234726.964:INFO:CONSOLE(1)] "bad ray entry: undefined", source: https://shellshock.io/src/shellshock.min.js?1576270786 (1)
[1221/234726.964:INFO:CONSOLE(1)] "bad ray entry: undefined", source: https://shellshock.io/src/shellshock.min.js?1576270786 (1)
[1221/234726.965:INFO:CONSOLE(1)] "bad ray entry: undefined", source: https://shellshock.io/src/shellshock.min.js?1576270786 (1)
[1221/234727.024:INFO:CONSOLE(1)] "Applying lightmap", source: https://shellshock.io/src/shellshock.min.js?1576270786 (1)
[1221/234727.238:INFO:CONSOLE(1)] "Now complete", source: https://shellshock.io/src/shellshock.min.js?1576270786 (1)
[1221/234727.274:INFO:CONSOLE(1)] "Opened: pausePopup", source: https://shellshock.io/src/shellshock.min.js?1576270786 (1)
[1221/234727.339:INFO:CONSOLE(1)] "eventModifier", source: https://shellshock.io/src/shellshock.min.js?1576270786 (1)
[1221/234727.596:INFO:CONSOLE(1)] "CommCode.clientReady received", source: https://shellshock.io/src/shellshock.min.js?1576270786 (1)
[1221/234727.633:INFO:CONSOLE(1)] "pausing game via esc key", source: https://shellshock.io/src/shellshock.min.js?1576270786 (1)
[1221/234727.633:INFO:CONSOLE(1)] "Event listeners removed", source: https://shellshock.io/src/shellshock.min.js?1576270786 (1)
[1221/234727.633:INFO:CONSOLE(1)] "Opened: pausePopup", source: https://shellshock.io/src/shellshock.min.js?1576270786 (1)
[1221/234727.634:INFO:CONSOLE(1)] "1", source: https://shellshock.io/src/shellshock.min.js?1576270786 (1)
[1221/234727.634:INFO:CONSOLE(1)] "[object Object]", source: https://shellshock.io/src/shellshock.min.js?1576270786 (1)
[1221/234727.655:INFO:CONSOLE(1)] "Auto detail enabled", source: https://shellshock.io/src/shellshock.min.js?1576270786 (1)
[1221/234728.452:INFO:CONSOLE(410)] "Powered by AMP ⚡ HTML – Version 1912120230490", source: https://cdn.ampproject.org/rtv/201912120230490/amp4ads-v0.js (410)
[1221/234730.427:INFO:CONSOLE(1)] "Closed: pausePopup", source: https://shellshock.io/src/shellshock.min.js?1576270786 (1)
[1221/234730.427:INFO:CONSOLE(1)] "Opened: settingsPopup", source: https://shellshock.io/src/shellshock.min.js?1576270786 (1)
[1221/234735.929:INFO:CONSOLE(1)] "volume set to: 1", source: https://shellshock.io/src/shellshock.min.js?1576270786 (1)
[1221/234735.929:INFO:CONSOLE(1)] "setting chat: false", source: https://shellshock.io/src/shellshock.min.js?1576270786 (1)
[1221/234735.930:INFO:CONSOLE(1)] "setting high resolution: true", source: https://shellshock.io/src/shellshock.min.js?1576270786 (1)
[1221/234735.930:INFO:CONSOLE(1)] "setting shadows: true", source: https://shellshock.io/src/shellshock.min.js?1576270786 (1)
[1221/234735.930:INFO:CONSOLE(1)] "Auto detail enabled", source: https://shellshock.io/src/shellshock.min.js?1576270786 (1)
[1221/234735.931:INFO:CONSOLE(1)] "Closed: settingsPopup", source: https://shellshock.io/src/shellshock.min.js?1576270786 (1)
[1221/234735.931:INFO:CONSOLE(1)] "is in game ", source: https://shellshock.io/src/shellshock.min.js?1576270786 (1)
[1221/234735.932:INFO:CONSOLE(1)] "Opened: pausePopup", source: https://shellshock.io/src/shellshock.min.js?1576270786 (1)
[1221/234736.887:INFO:CONSOLE(1)] "Closed: pausePopup", source: https://shellshock.io/src/shellshock.min.js?1576270786 (1)
[1221/234736.888:INFO:CONSOLE(1)] "Respawn pressed - respawnTime: -1", source: https://shellshock.io/src/shellshock.min.js?1576270786 (1)
[1221/234736.888:INFO:CONSOLE(1)] "Auto detail enabled", source: https://shellshock.io/src/shellshock.min.js?1576270786 (1)
[1221/234736.888:INFO:CONSOLE(1)] "respawn() requests respawn from server", source: https://shellshock.io/src/shellshock.min.js?1576270786 (1)
[1221/234736.979:INFO:CONSOLE(1)] "CommCode.respawn received from server for this player", source: https://shellshock.io/src/shellshock.min.js?1576270786 (1)
[1221/234743.170:ERROR:audio_low_latency_output_win.cc(429)] WASAPI rendering failed.
[1221/234743.983:INFO:CONSOLE(1)] "Event listeners removed", source: https://shellshock.io/src/shellshock.min.js?1576270786 (1)
[1221/234746.983:INFO:CONSOLE(1)] "pausing game via esc key", source: https://shellshock.io/src/shellshock.min.js?1576270786 (1)
[1221/234746.984:INFO:CONSOLE(1)] "Event listeners removed", source: https://shellshock.io/src/shellshock.min.js?1576270786 (1)
[1221/234746.985:INFO:CONSOLE(1)] "Opened: pausePopup", source: https://shellshock.io/src/shellshock.min.js?1576270786 (1)
[1221/234746.985:INFO:CONSOLE(1)] "2", source: https://shellshock.io/src/shellshock.min.js?1576270786 (1)
[1221/234746.985:INFO:CONSOLE(1)] "refresh ad now.2", source: https://shellshock.io/src/shellshock.min.js?1576270786 (1)
[1221/234747.633:INFO:CONSOLE(410)] "Powered by AMP ⚡ HTML – Version 1912120230490", source: https://cdn.ampproject.org/rtv/201912120230490/amp4ads-v0.js (410)
[1221/234752.350:INFO:CONSOLE(21)] "
 %c %c %c tag.min.js 2.0 ✰ SDQ ✰  %c  %c  ads by http://www.adinplay.com/  %c %c %c%c 

", source: https://api.adinplay.com/libs/aiptag/pub/SDQ/killstreak.tv/tag.min.js (21)
[1221/234752.518:ERROR:render_media_log.cc(27)] MediaEvent: MEDIA_ERROR_LOG_ENTRY {"error":"FFmpegDemuxer: no supported streams"}
[1221/234752.527:ERROR:render_media_log.cc(27)] MediaEvent: PIPELINE_ERROR DEMUXER_ERROR_NO_SUPPORTED_STREAMS
[1221/234752.659:INFO:CONSOLE(1)] "Uncaught (in promise) p: OneSignal: This web push config can only be used on https://bullet.town. Your current origin is https://www.bullet.town.", source: https://cdn.onesignal.com/sdks/OneSignalPageSDKES6.js?v=150711 (1)
[1221/234752.781:INFO:CONSOLE(3)] "You can reduce your startup time if you configure your web server to host .unityweb files using brotli compression.", source: https://www.bullet.town/Build/3544178c924aac8c5129f2d974d60dd7.js (3)
[1221/234752.783:INFO:CONSOLE(4)] "[UnityCache] 'https://www.bullet.town/Build/de7f36e85daf3fe9743f44f20aea8a9c.unityweb' successfully downloaded and stored in the indexedDB cache", source: https://www.bullet.town/Build/3544178c924aac8c5129f2d974d60dd7.js (4)
[1221/234752.944:ERROR:render_media_log.cc(27)] MediaEvent: MEDIA_ERROR_LOG_ENTRY {"error":"FFmpegDemuxer: no supported streams"}
[1221/234752.946:ERROR:render_media_log.cc(27)] MediaEvent: PIPELINE_ERROR DEMUXER_ERROR_NO_SUPPORTED_STREAMS
[1221/234752.951:INFO:CONSOLE(1)] "VIDEOJS:", source: https://www.bullet.town/js/asc.video.outstream.min.js (1)
[1221/234753.617:INFO:CONSOLE(1)] "VIDEOJS:", source: https://www.bullet.town/js/asc.video.outstream.min.js (1)
[1221/234755.358:INFO:CONSOLE(4)] "[UnityCache] 'https://www.bullet.town/Build/b69c12b9b3ff6c63a35a2892b21488e7.unityweb' successfully downloaded and stored in the indexedDB cache", source: https://www.bullet.town/Build/3544178c924aac8c5129f2d974d60dd7.js (4)
[1221/234756.587:INFO:CONSOLE(4)] "[UnityCache] 'https://www.bullet.town/Build/0fddb7cc58b6d1362127e5f74691fb31.unityweb' successfully downloaded and stored in the indexedDB cache", source: https://www.bullet.town/Build/3544178c924aac8c5129f2d974d60dd7.js (4)
[1221/234757.424:INFO:CONSOLE(1)] "Sending gameplay tags to OneSignal...", source: https://shellshock.io/src/shellshock.min.js?1576270786 (1)
[1221/234757.436:INFO:CONSOLE(1)] "tags: {"username":"NoobBird79","fps":72}", source: https://shellshock.io/src/shellshock.min.js?1576270786 (1)
[1221/234757.734:INFO:CONSOLE(4)] "Loading player data from data.unity3d", source: https://www.bullet.town/Build/3544178c924aac8c5129f2d974d60dd7.js (4)
[1221/234757.739:INFO:CONSOLE(4)] "Initialize engine version: 2018.3.7f1 (9e14d22a41bb)", source: https://www.bullet.town/Build/3544178c924aac8c5129f2d974d60dd7.js (4)
[1221/234757.739:INFO:CONSOLE(4)] "Creating WebGL 2.0 context.", source: https://www.bullet.town/Build/3544178c924aac8c5129f2d974d60dd7.js (4)
[1221/234757.749:INFO:CONSOLE(4)] "Renderer: WebKit WebGL", source: https://www.bullet.town/Build/3544178c924aac8c5129f2d974d60dd7.js (4)
[1221/234757.749:INFO:CONSOLE(4)] "Vendor:   WebKit", source: https://www.bullet.town/Build/3544178c924aac8c5129f2d974d60dd7.js (4)
[1221/234757.749:INFO:CONSOLE(4)] "Version:  OpenGL ES 3.0 (WebGL 2.0 (OpenGL ES 3.0 Chromium))", source: https://www.bullet.town/Build/3544178c924aac8c5129f2d974d60dd7.js (4)
[1221/234757.749:INFO:CONSOLE(4)] "GLES:     3", source: https://www.bullet.town/Build/3544178c924aac8c5129f2d974d60dd7.js (4)
[1221/234757.749:INFO:CONSOLE(4)] " EXT_color_buffer_float GL_EXT_color_buffer_float EXT_disjoint_timer_query_webgl2 GL_EXT_disjoint_timer_query_webgl2 EXT_float_blend GL_EXT_float_blend EXT_texture_filter_anisotropic GL_EXT_texture_filter_anisotropic OES_texture_float_linear GL_OES_texture_float_linear WEBGL_compressed_texture_s3tc GL_WEBGL_compressed_texture_s3tc WEBGL_compressed_texture_s3tc_srgb GL_WEBGL_compressed_texture_s3tc_srgb WEBGL_debug_renderer_info GL_WEBGL_debug_renderer_info WEBGL_debug_shaders GL_WEBGL_debug_shaders WEBGL_lose_context GL_WEBGL_lose_context", source: https://www.bullet.town/Build/3544178c924aac8c5129f2d974d60dd7.js (4)
[1221/234757.752:INFO:CONSOLE(4)] "OPENGL LOG: Creating OpenGL ES 3.0 graphics device ; Context level  <OpenGL ES 3.0> ; Context handle 1", source: https://www.bullet.town/Build/3544178c924aac8c5129f2d974d60dd7.js (4)
[1221/234757.788:INFO:CONSOLE(2)] "The AudioContext was not allowed to start. It must be resumed (or created) after a user gesture on the page. https://goo.gl/7K7WLu", source: blob:https://www.bullet.town/264c66bc-60d3-410b-8faf-3c000a4f04d0 (2)
[1221/234758.587:INFO:CONSOLE(4)] "WARNING: Shader Unsupported: 'Toony Colors Pro 2/Standard PBS' - Pass 'META' has no vertex shader", source: https://www.bullet.town/Build/3544178c924aac8c5129f2d974d60dd7.js (4)
[1221/234758.587:INFO:CONSOLE(4)] "WARNING: Shader Unsupported: 'Toony Colors Pro 2/Standard PBS' - Pass 'META' has no vertex shader", source: https://www.bullet.town/Build/3544178c924aac8c5129f2d974d60dd7.js (4)
[1221/234758.694:INFO:CONSOLE(4)] "WARNING: Shader Unsupported: 'Legacy Shaders/Diffuse' - Pass 'Meta' has no vertex shader", source: https://www.bullet.town/Build/3544178c924aac8c5129f2d974d60dd7.js (4)
[1221/234758.694:INFO:CONSOLE(4)] "WARNING: Shader Unsupported: 'Toony Colors Pro 2/Mobile' - Pass 'Meta' has no vertex shader", source: https://www.bullet.town/Build/3544178c924aac8c5129f2d974d60dd7.js (4)
[1221/234758.741:INFO:CONSOLE(4)] "WARNING: Shader Unsupported: 'Hidden/Toony Colors Pro 2/Variants/Mobile Specular' - Pass 'Meta' has no vertex shader", source: https://www.bullet.town/Build/3544178c924aac8c5129f2d974d60dd7.js (4)
[1221/234758.855:INFO:CONSOLE(4)] "WARNING: Shader Unsupported: 'Legacy Shaders/Transparent/Diffuse' - Pass 'Meta' has no vertex shader", source: https://www.bullet.town/Build/3544178c924aac8c5129f2d974d60dd7.js (4)
[1221/234759.056:INFO:CONSOLE(4)] "WARNING: Shader Unsupported: 'Standard' - Pass 'META' has no vertex shader", source: https://www.bullet.town/Build/3544178c924aac8c5129f2d974d60dd7.js (4)
[1221/234759.056:INFO:CONSOLE(4)] "WARNING: Shader Unsupported: 'Standard' - Pass 'META' has no vertex shader", source: https://www.bullet.town/Build/3544178c924aac8c5129f2d974d60dd7.js (4)
[1221/234759.115:INFO:CONSOLE(4)] "UnloadTime: 0.505000 ms", source: https://www.bullet.town/Build/3544178c924aac8c5129f2d974d60dd7.js (4)
[1221/234759.121:INFO:CONSOLE(4)] "initializing loc manager", source: https://www.bullet.town/Build/3544178c924aac8c5129f2d974d60dd7.js (4)
[1221/234759.121:INFO:CONSOLE(4)] " ", source: https://www.bullet.town/Build/3544178c924aac8c5129f2d974d60dd7.js (4)
[1221/234759.121:INFO:CONSOLE(4)] "(Filename: ./Runtime/Export/Debug.bindings.h Line: 45)", source: https://www.bullet.town/Build/3544178c924aac8c5129f2d974d60dd7.js (4)
[1221/234759.121:INFO:CONSOLE(4)] "", source: https://www.bullet.town/Build/3544178c924aac8c5129f2d974d60dd7.js (4)
[1221/234759.121:INFO:CONSOLE(4)] "Loading loc data", source: https://www.bullet.town/Build/3544178c924aac8c5129f2d974d60dd7.js (4)
[1221/234759.122:INFO:CONSOLE(4)] " ", source: https://www.bullet.town/Build/3544178c924aac8c5129f2d974d60dd7.js (4)
[1221/234759.122:INFO:CONSOLE(4)] "(Filename: ./Runtime/Export/Debug.bindings.h Line: 45)", source: https://www.bullet.town/Build/3544178c924aac8c5129f2d974d60dd7.js (4)
[1221/234759.122:INFO:CONSOLE(4)] "", source: https://www.bullet.town/Build/3544178c924aac8c5129f2d974d60dd7.js (4)
[1221/234759.127:INFO:CONSOLE(4)] "Setting language index: 0", source: https://www.bullet.town/Build/3544178c924aac8c5129f2d974d60dd7.js (4)
[1221/234759.127:INFO:CONSOLE(4)] " ", source: https://www.bullet.town/Build/3544178c924aac8c5129f2d974d60dd7.js (4)
[1221/234759.127:INFO:CONSOLE(4)] "(Filename: ./Runtime/Export/Debug.bindings.h Line: 45)", source: https://www.bullet.town/Build/3544178c924aac8c5129f2d974d60dd7.js (4)
[1221/234759.127:INFO:CONSOLE(4)] "", source: https://www.bullet.town/Build/3544178c924aac8c5129f2d974d60dd7.js (4)
[1221/234759.127:INFO:CONSOLE(4)] "relocalize", source: https://www.bullet.town/Build/3544178c924aac8c5129f2d974d60dd7.js (4)
[1221/234759.127:INFO:CONSOLE(4)] " ", source: https://www.bullet.town/Build/3544178c924aac8c5129f2d974d60dd7.js (4)
[1221/234759.127:INFO:CONSOLE(4)] "(Filename: ./Runtime/Export/Debug.bindings.h Line: 45)", source: https://www.bullet.town/Build/3544178c924aac8c5129f2d974d60dd7.js (4)
[1221/234759.128:INFO:CONSOLE(4)] "", source: https://www.bullet.town/Build/3544178c924aac8c5129f2d974d60dd7.js (4)
[1221/234759.167:INFO:CONSOLE(4)] "WebGL only supports WebSocket protocol. Overriding PhotonServerSettings.", source: https://www.bullet.town/Build/3544178c924aac8c5129f2d974d60dd7.js (4)
[1221/234759.167:INFO:CONSOLE(4)] " ", source: https://www.bullet.town/Build/3544178c924aac8c5129f2d974d60dd7.js (4)
[1221/234759.168:INFO:CONSOLE(4)] "(Filename: ./Runtime/Export/Debug.bindings.h Line: 45)", source: https://www.bullet.town/Build/3544178c924aac8c5129f2d974d60dd7.js (4)
[1221/234759.168:INFO:CONSOLE(4)] "", source: https://www.bullet.town/Build/3544178c924aac8c5129f2d974d60dd7.js (4)
[1221/234759.168:INFO:CONSOLE(4)] "Protocol switch from: Tcp to: WebSocketSecure.", source: https://www.bullet.town/Build/3544178c924aac8c5129f2d974d60dd7.js (4)
[1221/234759.168:INFO:CONSOLE(4)] " ", source: https://www.bullet.town/Build/3544178c924aac8c5129f2d974d60dd7.js (4)
[1221/234759.168:INFO:CONSOLE(4)] "(Filename: ./Runtime/Export/Debug.bindings.h Line: 45)", source: https://www.bullet.town/Build/3544178c924aac8c5129f2d974d60dd7.js (4)
[1221/234759.168:INFO:CONSOLE(4)] "", source: https://www.bullet.town/Build/3544178c924aac8c5129f2d974d60dd7.js (4)
[1221/234759.318:INFO:CONSOLE(4)] "ArgumentOutOfRangeException: Index was out of range. Must be non-negative and less than the size of the collection.", source: https://www.bullet.town/Build/3544178c924aac8c5129f2d974d60dd7.js (4)
[1221/234759.318:INFO:CONSOLE(4)] "Parameter name: index", source: https://www.bullet.town/Build/3544178c924aac8c5129f2d974d60dd7.js (4)
[1221/234759.318:INFO:CONSOLE(4)] "  at System.ThrowHelper.ThrowArgumentOutOfRangeException (System.ExceptionArgument argument, System.ExceptionResource resource) [0x00000] in <00000000000000000000000000000000>:0 ", source: https://www.bullet.town/Build/3544178c924aac8c5129f2d974d60dd7.js (4)
[1221/234759.319:INFO:CONSOLE(4)] " ", source: https://www.bullet.town/Build/3544178c924aac8c5129f2d974d60dd7.js (4)
[1221/234759.319:INFO:CONSOLE(4)] "(Filename: currently not available on il2cpp Line: -1)", source: https://www.bullet.town/Build/3544178c924aac8c5129f2d974d60dd7.js (4)
[1221/234759.319:INFO:CONSOLE(4)] "", source: https://www.bullet.town/Build/3544178c924aac8c5129f2d974d60dd7.js (4)
[1221/234759.345:INFO:CONSOLE(2)] "Decode error.", source: blob:https://www.bullet.town/264c66bc-60d3-410b-8faf-3c000a4f04d0 (2)
[1221/234759.345:INFO:CONSOLE(2)] "Decode error.", source: blob:https://www.bullet.town/264c66bc-60d3-410b-8faf-3c000a4f04d0 (2)
[1221/234759.346:INFO:CONSOLE(2)] "Decode error.", source: blob:https://www.bullet.town/264c66bc-60d3-410b-8faf-3c000a4f04d0 (2)
[1221/234759.346:INFO:CONSOLE(2)] "Decode error.", source: blob:https://www.bullet.town/264c66bc-60d3-410b-8faf-3c000a4f04d0 (2)
[1221/234759.347:INFO:CONSOLE(2)] "Decode error.", source: blob:https://www.bullet.town/264c66bc-60d3-410b-8faf-3c000a4f04d0 (2)
[1221/234759.348:INFO:CONSOLE(2)] "Decode error.", source: blob:https://www.bullet.town/264c66bc-60d3-410b-8faf-3c000a4f04d0 (2)
[1221/234759.348:INFO:CONSOLE(2)] "Decode error.", source: blob:https://www.bullet.town/264c66bc-60d3-410b-8faf-3c000a4f04d0 (2)
[1221/234759.348:INFO:CONSOLE(2)] "Decode error.", source: blob:https://www.bullet.town/264c66bc-60d3-410b-8faf-3c000a4f04d0 (2)
[1221/234759.350:INFO:CONSOLE(2)] "Decode error.", source: blob:https://www.bullet.town/264c66bc-60d3-410b-8faf-3c000a4f04d0 (2)
[1221/234759.351:INFO:CONSOLE(2)] "Decode error.", source: blob:https://www.bullet.town/264c66bc-60d3-410b-8faf-3c000a4f04d0 (2)
[1221/234759.351:INFO:CONSOLE(2)] "Decode error.", source: blob:https://www.bullet.town/264c66bc-60d3-410b-8faf-3c000a4f04d0 (2)
[1221/234759.352:INFO:CONSOLE(2)] "Decode error.", source: blob:https://www.bullet.town/264c66bc-60d3-410b-8faf-3c000a4f04d0 (2)
[1221/234759.352:INFO:CONSOLE(2)] "Decode error.", source: blob:https://www.bullet.town/264c66bc-60d3-410b-8faf-3c000a4f04d0 (2)
[1221/234759.352:INFO:CONSOLE(2)] "Decode error.", source: blob:https://www.bullet.town/264c66bc-60d3-410b-8faf-3c000a4f04d0 (2)
[1221/234759.353:INFO:CONSOLE(2)] "Decode error.", source: blob:https://www.bullet.town/264c66bc-60d3-410b-8faf-3c000a4f04d0 (2)
[1221/234759.353:INFO:CONSOLE(2)] "Decode error.", source: blob:https://www.bullet.town/264c66bc-60d3-410b-8faf-3c000a4f04d0 (2)
[1221/234759.354:INFO:CONSOLE(2)] "Decode error.", source: blob:https://www.bullet.town/264c66bc-60d3-410b-8faf-3c000a4f04d0 (2)
[1221/234759.355:INFO:CONSOLE(2)] "Decode error.", source: blob:https://www.bullet.town/264c66bc-60d3-410b-8faf-3c000a4f04d0 (2)
[1221/234759.355:INFO:CONSOLE(2)] "Decode error.", source: blob:https://www.bullet.town/264c66bc-60d3-410b-8faf-3c000a4f04d0 (2)
[1221/234759.356:INFO:CONSOLE(2)] "Decode error.", source: blob:https://www.bullet.town/264c66bc-60d3-410b-8faf-3c000a4f04d0 (2)
[1221/234759.357:INFO:CONSOLE(2)] "Decode error.", source: blob:https://www.bullet.town/264c66bc-60d3-410b-8faf-3c000a4f04d0 (2)
[1221/234759.357:INFO:CONSOLE(2)] "Decode error.", source: blob:https://www.bullet.town/264c66bc-60d3-410b-8faf-3c000a4f04d0 (2)
[1221/234759.358:INFO:CONSOLE(2)] "Decode error.", source: blob:https://www.bullet.town/264c66bc-60d3-410b-8faf-3c000a4f04d0 (2)
[1221/234759.358:INFO:CONSOLE(2)] "Decode error.", source: blob:https://www.bullet.town/264c66bc-60d3-410b-8faf-3c000a4f04d0 (2)
[1221/234759.359:INFO:CONSOLE(2)] "Decode error.", source: blob:https://www.bullet.town/264c66bc-60d3-410b-8faf-3c000a4f04d0 (2)
[1221/234759.359:INFO:CONSOLE(2)] "Decode error.", source: blob:https://www.bullet.town/264c66bc-60d3-410b-8faf-3c000a4f04d0 (2)
[1221/234759.359:INFO:CONSOLE(2)] "Decode error.", source: blob:https://www.bullet.town/264c66bc-60d3-410b-8faf-3c000a4f04d0 (2)
[1221/234759.360:INFO:CONSOLE(2)] "Decode error.", source: blob:https://www.bullet.town/264c66bc-60d3-410b-8faf-3c000a4f04d0 (2)
[1221/234759.361:INFO:CONSOLE(2)] "Decode error.", source: blob:https://www.bullet.town/264c66bc-60d3-410b-8faf-3c000a4f04d0 (2)
[1221/234759.361:INFO:CONSOLE(2)] "Decode error.", source: blob:https://www.bullet.town/264c66bc-60d3-410b-8faf-3c000a4f04d0 (2)
[1221/234759.361:INFO:CONSOLE(2)] "Decode error.", source: blob:https://www.bullet.town/264c66bc-60d3-410b-8faf-3c000a4f04d0 (2)
[1221/234759.361:INFO:CONSOLE(2)] "Decode error.", source: blob:https://www.bullet.town/264c66bc-60d3-410b-8faf-3c000a4f04d0 (2)
[1221/234759.362:INFO:CONSOLE(2)] "Decode error.", source: blob:https://www.bullet.town/264c66bc-60d3-410b-8faf-3c000a4f04d0 (2)
[1221/234759.362:INFO:CONSOLE(2)] "Decode error.", source: blob:https://www.bullet.town/264c66bc-60d3-410b-8faf-3c000a4f04d0 (2)
[1221/234759.362:INFO:CONSOLE(2)] "Decode error.", source: blob:https://www.bullet.town/264c66bc-60d3-410b-8faf-3c000a4f04d0 (2)
[1221/234759.362:INFO:CONSOLE(2)] "Decode error.", source: blob:https://www.bullet.town/264c66bc-60d3-410b-8faf-3c000a4f04d0 (2)
[1221/234759.362:INFO:CONSOLE(2)] "Decode error.", source: blob:https://www.bullet.town/264c66bc-60d3-410b-8faf-3c000a4f04d0 (2)
[1221/234759.362:INFO:CONSOLE(2)] "Decode error.", source: blob:https://www.bullet.town/264c66bc-60d3-410b-8faf-3c000a4f04d0 (2)
[1221/234759.363:INFO:CONSOLE(2)] "Decode error.", source: blob:https://www.bullet.town/264c66bc-60d3-410b-8faf-3c000a4f04d0 (2)
[1221/234759.363:INFO:CONSOLE(2)] "Decode error.", source: blob:https://www.bullet.town/264c66bc-60d3-410b-8faf-3c000a4f04d0 (2)
[1221/234759.363:INFO:CONSOLE(2)] "Decode error.", source: blob:https://www.bullet.town/264c66bc-60d3-410b-8faf-3c000a4f04d0 (2)
[1221/234759.363:INFO:CONSOLE(2)] "Decode error.", source: blob:https://www.bullet.town/264c66bc-60d3-410b-8faf-3c000a4f04d0 (2)
[1221/234759.363:INFO:CONSOLE(2)] "Decode error.", source: blob:https://www.bullet.town/264c66bc-60d3-410b-8faf-3c000a4f04d0 (2)
[1221/234759.363:INFO:CONSOLE(2)] "The AudioContext was not allowed to start. It must be resumed (or created) after a user gesture on the page. https://goo.gl/7K7WLu", source: blob:https://www.bullet.town/264c66bc-60d3-410b-8faf-3c000a4f04d0 (2)
[1221/234759.363:INFO:CONSOLE(2)] "warning: 2 FS.syncfs operations in flight at once, probably just doing extra work", source: blob:https://www.bullet.town/264c66bc-60d3-410b-8faf-3c000a4f04d0 (2)
[1221/234759.875:INFO:CONSOLE(0)] "Uncaught (in promise) EncodingError: Unable to decode audio data", source: https://www.bullet.town/?utm_campaign=House-ad&utm_medium=referral&utm_source=shell-shock&utm_content=display-ad (0)
[1221/234759.876:INFO:CONSOLE(0)] "Uncaught (in promise) EncodingError: Unable to decode audio data", source: https://www.bullet.town/?utm_campaign=House-ad&utm_medium=referral&utm_source=shell-shock&utm_content=display-ad (0)
[1221/234759.876:INFO:CONSOLE(0)] "Uncaught (in promise) EncodingError: Unable to decode audio data", source: https://www.bullet.town/?utm_campaign=House-ad&utm_medium=referral&utm_source=shell-shock&utm_content=display-ad (0)
[1221/234759.876:INFO:CONSOLE(0)] "Uncaught (in promise) EncodingError: Unable to decode audio data", source: https://www.bullet.town/?utm_campaign=House-ad&utm_medium=referral&utm_source=shell-shock&utm_content=display-ad (0)
[1221/234759.876:INFO:CONSOLE(0)] "Uncaught (in promise) EncodingError: Unable to decode audio data", source: https://www.bullet.town/?utm_campaign=House-ad&utm_medium=referral&utm_source=shell-shock&utm_content=display-ad (0)
[1221/234759.876:INFO:CONSOLE(0)] "Uncaught (in promise) EncodingError: Unable to decode audio data", source: https://www.bullet.town/?utm_campaign=House-ad&utm_medium=referral&utm_source=shell-shock&utm_content=display-ad (0)
[1221/234759.876:INFO:CONSOLE(0)] "Uncaught (in promise) EncodingError: Unable to decode audio data", source: https://www.bullet.town/?utm_campaign=House-ad&utm_medium=referral&utm_source=shell-shock&utm_content=display-ad (0)
[1221/234759.877:INFO:CONSOLE(0)] "Uncaught (in promise) EncodingError: Unable to decode audio data", source: https://www.bullet.town/?utm_campaign=House-ad&utm_medium=referral&utm_source=shell-shock&utm_content=display-ad (0)
[1221/234759.877:INFO:CONSOLE(0)] "Uncaught (in promise) EncodingError: Unable to decode audio data", source: https://www.bullet.town/?utm_campaign=House-ad&utm_medium=referral&utm_source=shell-shock&utm_content=display-ad (0)
[1221/234759.877:INFO:CONSOLE(0)] "Uncaught (in promise) EncodingError: Unable to decode audio data", source: https://www.bullet.town/?utm_campaign=House-ad&utm_medium=referral&utm_source=shell-shock&utm_content=display-ad (0)
[1221/234759.877:INFO:CONSOLE(0)] "Uncaught (in promise) EncodingError: Unable to decode audio data", source: https://www.bullet.town/?utm_campaign=House-ad&utm_medium=referral&utm_source=shell-shock&utm_content=display-ad (0)
[1221/234759.877:INFO:CONSOLE(0)] "Uncaught (in promise) EncodingError: Unable to decode audio data", source: https://www.bullet.town/?utm_campaign=House-ad&utm_medium=referral&utm_source=shell-shock&utm_content=display-ad (0)
[1221/234759.877:INFO:CONSOLE(0)] "Uncaught (in promise) EncodingError: Unable to decode audio data", source: https://www.bullet.town/?utm_campaign=House-ad&utm_medium=referral&utm_source=shell-shock&utm_content=display-ad (0)
[1221/234759.878:INFO:CONSOLE(0)] "Uncaught (in promise) EncodingError: Unable to decode audio data", source: https://www.bullet.town/?utm_campaign=House-ad&utm_medium=referral&utm_source=shell-shock&utm_content=display-ad (0)
[1221/234759.878:INFO:CONSOLE(0)] "Uncaught (in promise) EncodingError: Unable to decode audio data", source: https://www.bullet.town/?utm_campaign=House-ad&utm_medium=referral&utm_source=shell-shock&utm_content=display-ad (0)
[1221/234759.878:INFO:CONSOLE(0)] "Uncaught (in promise) EncodingError: Unable to decode audio data", source: https://www.bullet.town/?utm_campaign=House-ad&utm_medium=referral&utm_source=shell-shock&utm_content=display-ad (0)
[1221/234759.878:INFO:CONSOLE(0)] "Uncaught (in promise) EncodingError: Unable to decode audio data", source: https://www.bullet.town/?utm_campaign=House-ad&utm_medium=referral&utm_source=shell-shock&utm_content=display-ad (0)
[1221/234759.878:INFO:CONSOLE(0)] "Uncaught (in promise) EncodingError: Unable to decode audio data", source: https://www.bullet.town/?utm_campaign=House-ad&utm_medium=referral&utm_source=shell-shock&utm_content=display-ad (0)
[1221/234759.878:INFO:CONSOLE(0)] "Uncaught (in promise) EncodingError: Unable to decode audio data", source: https://www.bullet.town/?utm_campaign=House-ad&utm_medium=referral&utm_source=shell-shock&utm_content=display-ad (0)
[1221/234759.878:INFO:CONSOLE(0)] "Uncaught (in promise) EncodingError: Unable to decode audio data", source: https://www.bullet.town/?utm_campaign=House-ad&utm_medium=referral&utm_source=shell-shock&utm_content=display-ad (0)
[1221/234759.879:INFO:CONSOLE(0)] "Uncaught (in promise) EncodingError: Unable to decode audio data", source: https://www.bullet.town/?utm_campaign=House-ad&utm_medium=referral&utm_source=shell-shock&utm_content=display-ad (0)
[1221/234759.879:INFO:CONSOLE(0)] "Uncaught (in promise) EncodingError: Unable to decode audio data", source: https://www.bullet.town/?utm_campaign=House-ad&utm_medium=referral&utm_source=shell-shock&utm_content=display-ad (0)
[1221/234759.879:INFO:CONSOLE(0)] "Uncaught (in promise) EncodingError: Unable to decode audio data", source: https://www.bullet.town/?utm_campaign=House-ad&utm_medium=referral&utm_source=shell-shock&utm_content=display-ad (0)
[1221/234759.879:INFO:CONSOLE(0)] "Uncaught (in promise) EncodingError: Unable to decode audio data", source: https://www.bullet.town/?utm_campaign=House-ad&utm_medium=referral&utm_source=shell-shock&utm_content=display-ad (0)
[1221/234759.879:INFO:CONSOLE(0)] "Uncaught (in promise) EncodingError: Unable to decode audio data", source: https://www.bullet.town/?utm_campaign=House-ad&utm_medium=referral&utm_source=shell-shock&utm_content=display-ad (0)
[1221/234759.879:INFO:CONSOLE(0)] "Uncaught (in promise) EncodingError: Unable to decode audio data", source: https://www.bullet.town/?utm_campaign=House-ad&utm_medium=referral&utm_source=shell-shock&utm_content=display-ad (0)
[1221/234759.879:INFO:CONSOLE(0)] "Uncaught (in promise) EncodingError: Unable to decode audio data", source: https://www.bullet.town/?utm_campaign=House-ad&utm_medium=referral&utm_source=shell-shock&utm_content=display-ad (0)
[1221/234759.880:INFO:CONSOLE(0)] "Uncaught (in promise) EncodingError: Unable to decode audio data", source: https://www.bullet.town/?utm_campaign=House-ad&utm_medium=referral&utm_source=shell-shock&utm_content=display-ad (0)
[1221/234759.880:INFO:CONSOLE(0)] "Uncaught (in promise) EncodingError: Unable to decode audio data", source: https://www.bullet.town/?utm_campaign=House-ad&utm_medium=referral&utm_source=shell-shock&utm_content=display-ad (0)
[1221/234759.880:INFO:CONSOLE(0)] "Uncaught (in promise) EncodingError: Unable to decode audio data", source: https://www.bullet.town/?utm_campaign=House-ad&utm_medium=referral&utm_source=shell-shock&utm_content=display-ad (0)
[1221/234759.880:INFO:CONSOLE(0)] "Uncaught (in promise) EncodingError: Unable to decode audio data", source: https://www.bullet.town/?utm_campaign=House-ad&utm_medium=referral&utm_source=shell-shock&utm_content=display-ad (0)
[1221/234759.880:INFO:CONSOLE(0)] "Uncaught (in promise) EncodingError: Unable to decode audio data", source: https://www.bullet.town/?utm_campaign=House-ad&utm_medium=referral&utm_source=shell-shock&utm_content=display-ad (0)
[1221/234759.881:INFO:CONSOLE(0)] "Uncaught (in promise) EncodingError: Unable to decode audio data", source: https://www.bullet.town/?utm_campaign=House-ad&utm_medium=referral&utm_source=shell-shock&utm_content=display-ad (0)
[1221/234759.881:INFO:CONSOLE(0)] "Uncaught (in promise) EncodingError: Unable to decode audio data", source: https://www.bullet.town/?utm_campaign=House-ad&utm_medium=referral&utm_source=shell-shock&utm_content=display-ad (0)
[1221/234759.881:INFO:CONSOLE(0)] "Uncaught (in promise) EncodingError: Unable to decode audio data", source: https://www.bullet.town/?utm_campaign=House-ad&utm_medium=referral&utm_source=shell-shock&utm_content=display-ad (0)
[1221/234759.881:INFO:CONSOLE(0)] "Uncaught (in promise) EncodingError: Unable to decode audio data", source: https://www.bullet.town/?utm_campaign=House-ad&utm_medium=referral&utm_source=shell-shock&utm_content=display-ad (0)
[1221/234759.881:INFO:CONSOLE(0)] "Uncaught (in promise) EncodingError: Unable to decode audio data", source: https://www.bullet.town/?utm_campaign=House-ad&utm_medium=referral&utm_source=shell-shock&utm_content=display-ad (0)
[1221/234759.881:INFO:CONSOLE(0)] "Uncaught (in promise) EncodingError: Unable to decode audio data", source: https://www.bullet.town/?utm_campaign=House-ad&utm_medium=referral&utm_source=shell-shock&utm_content=display-ad (0)
[1221/234759.882:INFO:CONSOLE(0)] "Uncaught (in promise) EncodingError: Unable to decode audio data", source: https://www.bullet.town/?utm_campaign=House-ad&utm_medium=referral&utm_source=shell-shock&utm_content=display-ad (0)
[1221/234759.882:INFO:CONSOLE(0)] "Uncaught (in promise) EncodingError: Unable to decode audio data", source: https://www.bullet.town/?utm_campaign=House-ad&utm_medium=referral&utm_source=shell-shock&utm_content=display-ad (0)
[1221/234759.882:INFO:CONSOLE(0)] "Uncaught (in promise) EncodingError: Unable to decode audio data", source: https://www.bullet.town/?utm_campaign=House-ad&utm_medium=referral&utm_source=shell-shock&utm_content=display-ad (0)
[1221/234759.882:INFO:CONSOLE(0)] "Uncaught (in promise) EncodingError: Unable to decode audio data", source: https://www.bullet.town/?utm_campaign=House-ad&utm_medium=referral&utm_source=shell-shock&utm_content=display-ad (0)
[1221/234759.882:INFO:CONSOLE(0)] "Uncaught (in promise) EncodingError: Unable to decode audio data", source: https://www.bullet.town/?utm_campaign=House-ad&utm_medium=referral&utm_source=shell-shock&utm_content=display-ad (0)
[1221/234759.882:INFO:CONSOLE(2)] "Decode error.", source: blob:https://www.bullet.town/264c66bc-60d3-410b-8faf-3c000a4f04d0 (2)
[1221/234759.895:INFO:CONSOLE(2)] "The AudioContext was not allowed to start. It must be resumed (or created) after a user gesture on the page. https://goo.gl/7K7WLu", source: blob:https://www.bullet.town/264c66bc-60d3-410b-8faf-3c000a4f04d0 (2)
[1221/234759.897:INFO:CONSOLE(0)] "Uncaught (in promise) EncodingError: Unable to decode audio data", source: https://www.bullet.town/?utm_campaign=House-ad&utm_medium=referral&utm_source=shell-shock&utm_content=display-ad (0)
[1221/234759.902:INFO:CONSOLE(2)] "warning: 3 FS.syncfs operations in flight at once, probably just doing extra work", source: blob:https://www.bullet.town/264c66bc-60d3-410b-8faf-3c000a4f04d0 (2)
[1221/234800.192:INFO:CONSOLE(4)] "Ping Debug - PhotonHandler.PingImplementation: PingHttp ping.GetType():PingHttp regionAddress:SLAMS105.exitgames.com", source: https://www.bullet.town/Build/3544178c924aac8c5129f2d974d60dd7.js (4)
[1221/234800.192:INFO:CONSOLE(4)] " ", source: https://www.bullet.town/Build/3544178c924aac8c5129f2d974d60dd7.js (4)
[1221/234800.192:INFO:CONSOLE(4)] "(Filename: ./Runtime/Export/Debug.bindings.h Line: 45)", source: https://www.bullet.town/Build/3544178c924aac8c5129f2d974d60dd7.js (4)
[1221/234800.193:INFO:CONSOLE(4)] "", source: https://www.bullet.town/Build/3544178c924aac8c5129f2d974d60dd7.js (4)
[1221/234800.193:INFO:CONSOLE(4)] "StartPing: https://SLAMS105.exitgames.com/photon/m/?ping&r=7662", source: https://www.bullet.town/Build/3544178c924aac8c5129f2d974d60dd7.js (4)
[1221/234800.193:INFO:CONSOLE(4)] " ", source: https://www.bullet.town/Build/3544178c924aac8c5129f2d974d60dd7.js (4)
[1221/234800.193:INFO:CONSOLE(4)] "(Filename: ./Runtime/Export/Debug.bindings.h Line: 45)", source: https://www.bullet.town/Build/3544178c924aac8c5129f2d974d60dd7.js (4)
[1221/234800.193:INFO:CONSOLE(4)] "", source: https://www.bullet.town/Build/3544178c924aac8c5129f2d974d60dd7.js (4)
[1221/234800.194:INFO:CONSOLE(4)] "Ping Debug - PhotonHandler.PingImplementation: PingHttp ping.GetType():PingHttp regionAddress:SLSJ056.exitgames.com", source: https://www.bullet.town/Build/3544178c924aac8c5129f2d974d60dd7.js (4)
[1221/234800.195:INFO:CONSOLE(4)] " ", source: https://www.bullet.town/Build/3544178c924aac8c5129f2d974d60dd7.js (4)
[1221/234800.195:INFO:CONSOLE(4)] "(Filename: ./Runtime/Export/Debug.bindings.h Line: 45)", source: https://www.bullet.town/Build/3544178c924aac8c5129f2d974d60dd7.js (4)
[1221/234800.196:INFO:CONSOLE(4)] "", source: https://www.bullet.town/Build/3544178c924aac8c5129f2d974d60dd7.js (4)
[1221/234800.196:INFO:CONSOLE(4)] "StartPing: https://SLSJ056.exitgames.com/photon/m/?ping&r=1537", source: https://www.bullet.town/Build/3544178c924aac8c5129f2d974d60dd7.js (4)
[1221/234800.196:INFO:CONSOLE(4)] " ", source: https://www.bullet.town/Build/3544178c924aac8c5129f2d974d60dd7.js (4)
[1221/234800.196:INFO:CONSOLE(4)] "(Filename: ./Runtime/Export/Debug.bindings.h Line: 45)", source: https://www.bullet.town/Build/3544178c924aac8c5129f2d974d60dd7.js (4)
[1221/234800.196:INFO:CONSOLE(4)] "", source: https://www.bullet.town/Build/3544178c924aac8c5129f2d974d60dd7.js (4)
[1221/234800.197:INFO:CONSOLE(4)] "Ping Debug - PhotonHandler.PingImplementation: PingHttp ping.GetType():PingHttp regionAddress:SLWASH080.exitgames.com", source: https://www.bullet.town/Build/3544178c924aac8c5129f2d974d60dd7.js (4)
[1221/234800.197:INFO:CONSOLE(4)] " ", source: https://www.bullet.town/Build/3544178c924aac8c5129f2d974d60dd7.js (4)
[1221/234800.197:INFO:CONSOLE(4)] "(Filename: ./Runtime/Export/Debug.bindings.h Line: 45)", source: https://www.bullet.town/Build/3544178c924aac8c5129f2d974d60dd7.js (4)
[1221/234800.197:INFO:CONSOLE(4)] "", source: https://www.bullet.town/Build/3544178c924aac8c5129f2d974d60dd7.js (4)
[1221/234800.197:INFO:CONSOLE(4)] "StartPing: https://SLWASH080.exitgames.com/photon/m/?ping&r=9344", source: https://www.bullet.town/Build/3544178c924aac8c5129f2d974d60dd7.js (4)
[1221/234800.197:INFO:CONSOLE(4)] " ", source: https://www.bullet.town/Build/3544178c924aac8c5129f2d974d60dd7.js (4)
[1221/234800.198:INFO:CONSOLE(4)] "(Filename: ./Runtime/Export/Debug.bindings.h Line: 45)", source: https://www.bullet.town/Build/3544178c924aac8c5129f2d974d60dd7.js (4)
[1221/234800.198:INFO:CONSOLE(4)] "", source: https://www.bullet.town/Build/3544178c924aac8c5129f2d974d60dd7.js (4)
[1221/234800.202:INFO:CONSOLE(2)] "The AudioContext was not allowed to start. It must be resumed (or created) after a user gesture on the page. https://goo.gl/7K7WLu", source: blob:https://www.bullet.town/264c66bc-60d3-410b-8faf-3c000a4f04d0 (2)
[1221/234800.209:INFO:CONSOLE(4)] "Setting logged in ", source: https://www.bullet.town/Build/3544178c924aac8c5129f2d974d60dd7.js (4)
[1221/234800.210:INFO:CONSOLE(4)] " ", source: https://www.bullet.town/Build/3544178c924aac8c5129f2d974d60dd7.js (4)
[1221/234800.210:INFO:CONSOLE(4)] "(Filename: ./Runtime/Export/Debug.bindings.h Line: 45)", source: https://www.bullet.town/Build/3544178c924aac8c5129f2d974d60dd7.js (4)
[1221/234800.210:INFO:CONSOLE(4)] "", source: https://www.bullet.town/Build/3544178c924aac8c5129f2d974d60dd7.js (4)
[1221/234800.597:INFO:CONSOLE(2)] "The AudioContext was not allowed to start. It must be resumed (or created) after a user gesture on the page. https://goo.gl/7K7WLu", source: blob:https://www.bullet.town/264c66bc-60d3-410b-8faf-3c000a4f04d0 (2)
[1221/234800.797:INFO:CONSOLE(4)] "StartPing: https://SLAMS105.exitgames.com/photon/m/?ping&r=6144", source: https://www.bullet.town/Build/3544178c924aac8c5129f2d974d60dd7.js (4)
[1221/234800.798:INFO:CONSOLE(4)] " ", source: https://www.bullet.town/Build/3544178c924aac8c5129f2d974d60dd7.js (4)
[1221/234800.798:INFO:CONSOLE(4)] "(Filename: ./Runtime/Export/Debug.bindings.h Line: 45)", source: https://www.bullet.town/Build/3544178c924aac8c5129f2d974d60dd7.js (4)
[1221/234800.799:INFO:CONSOLE(4)] "", source: https://www.bullet.town/Build/3544178c924aac8c5129f2d974d60dd7.js (4)
[1221/234800.996:INFO:CONSOLE(2)] "The AudioContext was not allowed to start. It must be resumed (or created) after a user gesture on the page. https://goo.gl/7K7WLu", source: blob:https://www.bullet.town/264c66bc-60d3-410b-8faf-3c000a4f04d0 (2)
[1221/234801.040:INFO:CONSOLE(4)] "StartPing: https://SLAMS105.exitgames.com/photon/m/?ping&r=8073", source: https://www.bullet.town/Build/3544178c924aac8c5129f2d974d60dd7.js (4)
[1221/234801.041:INFO:CONSOLE(4)] " ", source: https://www.bullet.town/Build/3544178c924aac8c5129f2d974d60dd7.js (4)
[1221/234801.041:INFO:CONSOLE(4)] "(Filename: ./Runtime/Export/Debug.bindings.h Line: 45)", source: https://www.bullet.town/Build/3544178c924aac8c5129f2d974d60dd7.js (4)
[1221/234801.041:INFO:CONSOLE(4)] "", source: https://www.bullet.town/Build/3544178c924aac8c5129f2d974d60dd7.js (4)
[1221/234801.109:INFO:CONSOLE(4)] "StartPing: https://SLSJ056.exitgames.com/photon/m/?ping&r=5007", source: https://www.bullet.town/Build/3544178c924aac8c5129f2d974d60dd7.js (4)
[1221/234801.110:INFO:CONSOLE(4)] " ", source: https://www.bullet.town/Build/3544178c924aac8c5129f2d974d60dd7.js (4)
[1221/234801.111:INFO:CONSOLE(4)] "(Filename: ./Runtime/Export/Debug.bindings.h Line: 45)", source: https://www.bullet.town/Build/3544178c924aac8c5129f2d974d60dd7.js (4)
[1221/234801.111:INFO:CONSOLE(4)] "", source: https://www.bullet.town/Build/3544178c924aac8c5129f2d974d60dd7.js (4)
[1221/234801.111:INFO:CONSOLE(4)] "StartPing: https://SLWASH080.exitgames.com/photon/m/?ping&r=9574", source: https://www.bullet.town/Build/3544178c924aac8c5129f2d974d60dd7.js (4)
[1221/234801.112:INFO:CONSOLE(4)] " ", source: https://www.bullet.town/Build/3544178c924aac8c5129f2d974d60dd7.js (4)
[1221/234801.112:INFO:CONSOLE(4)] "(Filename: ./Runtime/Export/Debug.bindings.h Line: 45)", source: https://www.bullet.town/Build/3544178c924aac8c5129f2d974d60dd7.js (4)
[1221/234801.112:INFO:CONSOLE(4)] "", source: https://www.bullet.town/Build/3544178c924aac8c5129f2d974d60dd7.js (4)
[1221/234801.235:INFO:CONSOLE(4)] "StartPing: https://SLAMS105.exitgames.com/photon/m/?ping&r=2186", source: https://www.bullet.town/Build/3544178c924aac8c5129f2d974d60dd7.js (4)
[1221/234801.238:INFO:CONSOLE(4)] " ", source: https://www.bullet.town/Build/3544178c924aac8c5129f2d974d60dd7.js (4)
[1221/234801.239:INFO:CONSOLE(4)] "(Filename: ./Runtime/Export/Debug.bindings.h Line: 45)", source: https://www.bullet.town/Build/3544178c924aac8c5129f2d974d60dd7.js (4)
[1221/234801.239:INFO:CONSOLE(4)] "", source: https://www.bullet.town/Build/3544178c924aac8c5129f2d974d60dd7.js (4)
[1221/234801.391:INFO:CONSOLE(2)] "The AudioContext was not allowed to start. It must be resumed (or created) after a user gesture on the page. https://goo.gl/7K7WLu", source: blob:https://www.bullet.town/264c66bc-60d3-410b-8faf-3c000a4f04d0 (2)
[1221/234801.436:INFO:CONSOLE(4)] "StartPing: https://SLAMS105.exitgames.com/photon/m/?ping&r=9236", source: https://www.bullet.town/Build/3544178c924aac8c5129f2d974d60dd7.js (4)
[1221/234801.437:INFO:CONSOLE(4)] " ", source: https://www.bullet.town/Build/3544178c924aac8c5129f2d974d60dd7.js (4)
[1221/234801.438:INFO:CONSOLE(4)] "(Filename: ./Runtime/Export/Debug.bindings.h Line: 45)", source: https://www.bullet.town/Build/3544178c924aac8c5129f2d974d60dd7.js (4)
[1221/234801.438:INFO:CONSOLE(4)] "", source: https://www.bullet.town/Build/3544178c924aac8c5129f2d974d60dd7.js (4)
[1221/234801.679:INFO:CONSOLE(4)] "StartPing: https://SLSJ056.exitgames.com/photon/m/?ping&r=2080", source: https://www.bullet.town/Build/3544178c924aac8c5129f2d974d60dd7.js (4)
[1221/234801.679:INFO:CONSOLE(4)] " ", source: https://www.bullet.town/Build/3544178c924aac8c5129f2d974d60dd7.js (4)
[1221/234801.679:INFO:CONSOLE(4)] "(Filename: ./Runtime/Export/Debug.bindings.h Line: 45)", source: https://www.bullet.town/Build/3544178c924aac8c5129f2d974d60dd7.js (4)
[1221/234801.679:INFO:CONSOLE(4)] "", source: https://www.bullet.town/Build/3544178c924aac8c5129f2d974d60dd7.js (4)
[1221/234802.022:INFO:CONSOLE(4)] "StartPing: https://SLWASH080.exitgames.com/photon/m/?ping&r=4570", source: https://www.bullet.town/Build/3544178c924aac8c5129f2d974d60dd7.js (4)
[1221/234802.022:INFO:CONSOLE(4)] " ", source: https://www.bullet.town/Build/3544178c924aac8c5129f2d974d60dd7.js (4)
[1221/234802.023:INFO:CONSOLE(4)] "(Filename: ./Runtime/Export/Debug.bindings.h Line: 45)", source: https://www.bullet.town/Build/3544178c924aac8c5129f2d974d60dd7.js (4)
[1221/234802.023:INFO:CONSOLE(4)] "", source: https://www.bullet.town/Build/3544178c924aac8c5129f2d974d60dd7.js (4)
[1221/234802.023:INFO:CONSOLE(4)] "StartPing: https://SLSJ056.exitgames.com/photon/m/?ping&r=2229", source: https://www.bullet.town/Build/3544178c924aac8c5129f2d974d60dd7.js (4)
[1221/234802.023:INFO:CONSOLE(4)] " ", source: https://www.bullet.town/Build/3544178c924aac8c5129f2d974d60dd7.js (4)
[1221/234802.023:INFO:CONSOLE(4)] "(Filename: ./Runtime/Export/Debug.bindings.h Line: 45)", source: https://www.bullet.town/Build/3544178c924aac8c5129f2d974d60dd7.js (4)
[1221/234802.024:INFO:CONSOLE(4)] "", source: https://www.bullet.town/Build/3544178c924aac8c5129f2d974d60dd7.js (4)
[1221/234802.357:INFO:CONSOLE(4)] "StartPing: https://SLSJ056.exitgames.com/photon/m/?ping&r=6436", source: https://www.bullet.town/Build/3544178c924aac8c5129f2d974d60dd7.js (4)
[1221/234802.357:INFO:CONSOLE(4)] " ", source: https://www.bullet.town/Build/3544178c924aac8c5129f2d974d60dd7.js (4)
[1221/234802.357:INFO:CONSOLE(4)] "(Filename: ./Runtime/Export/Debug.bindings.h Line: 45)", source: https://www.bullet.town/Build/3544178c924aac8c5129f2d974d60dd7.js (4)
[1221/234802.358:INFO:CONSOLE(4)] "", source: https://www.bullet.town/Build/3544178c924aac8c5129f2d974d60dd7.js (4)
[1221/234802.929:INFO:CONSOLE(4)] "StartPing: https://SLWASH080.exitgames.com/photon/m/?ping&r=5427", source: https://www.bullet.town/Build/3544178c924aac8c5129f2d974d60dd7.js (4)
[1221/234802.930:INFO:CONSOLE(4)] " ", source: https://www.bullet.town/Build/3544178c924aac8c5129f2d974d60dd7.js (4)
[1221/234802.930:INFO:CONSOLE(4)] "(Filename: ./Runtime/Export/Debug.bindings.h Line: 45)", source: https://www.bullet.town/Build/3544178c924aac8c5129f2d974d60dd7.js (4)
[1221/234802.930:INFO:CONSOLE(4)] "", source: https://www.bullet.town/Build/3544178c924aac8c5129f2d974d60dd7.js (4)
[1221/234803.841:INFO:CONSOLE(4)] "StartPing: https://SLWASH080.exitgames.com/photon/m/?ping&r=5111", source: https://www.bullet.town/Build/3544178c924aac8c5129f2d974d60dd7.js (4)
[1221/234803.841:INFO:CONSOLE(4)] " ", source: https://www.bullet.town/Build/3544178c924aac8c5129f2d974d60dd7.js (4)
[1221/234803.841:INFO:CONSOLE(4)] "(Filename: ./Runtime/Export/Debug.bindings.h Line: 45)", source: https://www.bullet.town/Build/3544178c924aac8c5129f2d974d60dd7.js (4)
[1221/234803.841:INFO:CONSOLE(4)] "", source: https://www.bullet.town/Build/3544178c924aac8c5129f2d974d60dd7.js (4)
[1221/234804.789:INFO:CONSOLE(4)] "BestRegion checks region: 'eu' 	103ms 	wss://SLAMS105.exitgames.com:19090", source: https://www.bullet.town/Build/3544178c924aac8c5129f2d974d60dd7.js (4)
[1221/234804.789:INFO:CONSOLE(4)] " ", source: https://www.bullet.town/Build/3544178c924aac8c5129f2d974d60dd7.js (4)
[1221/234804.789:INFO:CONSOLE(4)] "(Filename: ./Runtime/Export/Debug.bindings.h Line: 45)", source: https://www.bullet.town/Build/3544178c924aac8c5129f2d974d60dd7.js (4)
[1221/234804.789:INFO:CONSOLE(4)] "", source: https://www.bullet.town/Build/3544178c924aac8c5129f2d974d60dd7.js (4)
[1221/234804.789:INFO:CONSOLE(4)] "BestRegion checks region: 'usw' 	289ms 	wss://SLSJ056.exitgames.com:19090", source: https://www.bullet.town/Build/3544178c924aac8c5129f2d974d60dd7.js (4)
[1221/234804.790:INFO:CONSOLE(4)] " ", source: https://www.bullet.town/Build/3544178c924aac8c5129f2d974d60dd7.js (4)
[1221/234804.790:INFO:CONSOLE(4)] "(Filename: ./Runtime/Export/Debug.bindings.h Line: 45)", source: https://www.bullet.town/Build/3544178c924aac8c5129f2d974d60dd7.js (4)
[1221/234804.790:INFO:CONSOLE(4)] "", source: https://www.bullet.town/Build/3544178c924aac8c5129f2d974d60dd7.js (4)
[1221/234804.790:INFO:CONSOLE(4)] "BestRegion checks region: 'us' 	4000ms 	wss://SLWASH080.exitgames.com:19090", source: https://www.bullet.town/Build/3544178c924aac8c5129f2d974d60dd7.js (4)
[1221/234804.790:INFO:CONSOLE(4)] " ", source: https://www.bullet.town/Build/3544178c924aac8c5129f2d974d60dd7.js (4)
[1221/234804.791:INFO:CONSOLE(4)] "(Filename: ./Runtime/Export/Debug.bindings.h Line: 45)", source: https://www.bullet.town/Build/3544178c924aac8c5129f2d974d60dd7.js (4)
[1221/234804.791:INFO:CONSOLE(4)] "", source: https://www.bullet.town/Build/3544178c924aac8c5129f2d974d60dd7.js (4)
[1221/234804.791:INFO:CONSOLE(4)] "Found best region: 'eu' ping: 103. Calling ConnectToRegionMaster() is: True", source: https://www.bullet.town/Build/3544178c924aac8c5129f2d974d60dd7.js (4)
[1221/234804.791:INFO:CONSOLE(4)] " ", source: https://www.bullet.town/Build/3544178c924aac8c5129f2d974d60dd7.js (4)
[1221/234804.791:INFO:CONSOLE(4)] "(Filename: ./Runtime/Export/Debug.bindings.h Line: 45)", source: https://www.bullet.town/Build/3544178c924aac8c5129f2d974d60dd7.js (4)
[1221/234804.792:INFO:CONSOLE(4)] "", source: https://www.bullet.town/Build/3544178c924aac8c5129f2d974d60dd7.js (4)
[1221/234806.323:INFO:CONSOLE(1)] "Closed: pausePopup", source: https://shellshock.io/src/shellshock.min.js?1576270786 (1)
[1221/234806.324:INFO:CONSOLE(1)] "Respawn pressed - respawnTime: -1", source: https://shellshock.io/src/shellshock.min.js?1576270786 (1)
[1221/234806.324:INFO:CONSOLE(1)] "Auto detail enabled", source: https://shellshock.io/src/shellshock.min.js?1576270786 (1)
[1221/234806.326:INFO:CONSOLE(1)] "respawn() requests respawn from server", source: https://shellshock.io/src/shellshock.min.js?1576270786 (1)
[1221/234806.349:INFO:CONSOLE(1)] "pausing game via pointerlock exit", source: https://shellshock.io/src/shellshock.min.js?1576270786 (1)
[1221/234806.349:INFO:CONSOLE(1)] "Event listeners removed", source: https://shellshock.io/src/shellshock.min.js?1576270786 (1)
[1221/234806.349:INFO:CONSOLE(1)] "Opened: pausePopup", source: https://shellshock.io/src/shellshock.min.js?1576270786 (1)
[1221/234806.350:INFO:CONSOLE(1)] "3", source: https://shellshock.io/src/shellshock.min.js?1576270786 (1)
[1221/234806.350:INFO:CONSOLE(1)] "refresh ad now.3", source: https://shellshock.io/src/shellshock.min.js?1576270786 (1)
[1221/234806.396:INFO:CONSOLE(1)] "CommCode.respawn received from server for this player", source: https://shellshock.io/src/shellshock.min.js?1576270786 (1)
[1221/234807.251:INFO:CONSOLE(1)] "Closed: pausePopup", source: https://shellshock.io/src/shellshock.min.js?1576270786 (1)
[1221/234807.251:INFO:CONSOLE(1)] "Respawn pressed - respawnTime: -1", source: https://shellshock.io/src/shellshock.min.js?1576270786 (1)
[1221/234807.251:INFO:CONSOLE(1)] "Auto detail enabled", source: https://shellshock.io/src/shellshock.min.js?1576270786 (1)
[1221/234818.902:INFO:CONSOLE(3)] "fun-hooks: referenced 'registerAdserver' but it was never created", source: https://api.adinplay.com/libs/aiptag/pub/SSK/shellshock.io/tag.min.js (3)
[1221/234818.903:INFO:CONSOLE(26)] "
 %c %c %c AdinPlay 3.0 ✰ SSK ✰  %c  %c  ads by http://www.adinplay.com/  %c %c %c%c 

", source: https://api.adinplay.com/libs/aiptag/pub/SSK/shellshock.io/tag.min.js (26)
[1221/234819.417:INFO:CONSOLE(1)] "TypeError: Cannot read property 'permission' of undefined", source: https://cdn.onesignal.com/sdks/OneSignalPageSDKES6.js?v=150711 (1)
[1221/234819.418:INFO:CONSOLE(1)] "Uncaught (in promise) TypeError: Cannot read property 'permission' of undefined", source: https://cdn.onesignal.com/sdks/OneSignalPageSDKES6.js?v=150711 (1)
[1221/234819.474:ERROR:render_media_log.cc(27)] MediaEvent: MEDIA_ERROR_LOG_ENTRY {"error":"FFmpegDemuxer: no supported streams"}
[1221/234819.474:ERROR:render_media_log.cc(27)] MediaEvent: PIPELINE_ERROR DEMUXER_ERROR_NO_SUPPORTED_STREAMS
[1221/234820.118:INFO:CONSOLE(1)] "game type: 2", source: https://shellshock.io/src/shellshock.min.js?1576270786 (1)
[1221/234821.388:INFO:CONSOLE(1)] "Vue instance created", source: https://shellshock.io/src/shellshock.min.js?1576270786 (1)
[1221/234821.597:INFO:CONSOLE(1)] "cached news", source: https://shellshock.io/src/shellshock.min.js?1576270786 (1)
[1221/234821.602:INFO:CONSOLE(1)] "Vue instance mounted", source: https://shellshock.io/src/shellshock.min.js?1576270786 (1)
[1221/234821.603:INFO:CONSOLE(1)] "create -> mount time (ms): 213.8550000017858", source: https://shellshock.io/src/shellshock.min.js?1576270786 (1)
[1221/234821.622:INFO:CONSOLE(1)] "mounted -> fully rendered time (ms): 19.484999997075647", source: https://shellshock.io/src/shellshock.min.js?1576270786 (1)
[1221/234821.622:INFO:CONSOLE(1)] "created -> fully rendered time (ms): 233.33999999886146", source: https://shellshock.io/src/shellshock.min.js?1576270786 (1)
[1221/234821.641:INFO:CONSOLE(1)] "Signing in to Firebase...", source: https://shellshock.io/src/shellshock.min.js?1576270786 (1)
[1221/234821.646:INFO:CONSOLE(1)] "auto detail: true", source: https://shellshock.io/src/shellshock.min.js?1576270786 (1)
[1221/234821.646:INFO:CONSOLE(1)] "Blocking ads: true", source: https://shellshock.io/src/shellshock.min.js?1576270786 (1)
[1221/234821.648:INFO:CONSOLE(1)] "From EU: false", source: https://shellshock.io/src/shellshock.min.js?1576270786 (1)
[1221/234821.670:INFO:CONSOLE(1)] "Babylon.js engine (v3.3.0) launched", source: https://shellshock.io/src/shellshock.min.js?1576270786 (1)
[1221/234821.703:INFO:CONSOLE(1)] "Babylon.js engine (v3.3.0) launched", source: https://shellshock.io/src/shellshock.min.js?1576270786 (1)
[1221/234821.703:INFO:CONSOLE(1)] "volume set to: 1", source: https://shellshock.io/src/shellshock.min.js?1576270786 (1)
[1221/234821.706:INFO:CONSOLE(1)] "The AudioContext was not allowed to start. It must be resumed (or created) after a user gesture on the page. https://goo.gl/7K7WLu", source: https://shellshock.io/src/shellshock.min.js?1576270786 (1)
[1221/234821.706:INFO:CONSOLE(1)] "The AudioContext was not allowed to start. It must be resumed (or created) after a user gesture on the page. https://goo.gl/7K7WLu", source: https://shellshock.io/src/shellshock.min.js?1576270786 (1)
[1221/234823.007:INFO:CONSOLE(1)] "special items tag: Eggwalker", source: https://shellshock.io/src/shellshock.min.js?1576270786 (1)
[1221/234823.012:INFO:CONSOLE(1)] "num special items: 20", source: https://shellshock.io/src/shellshock.min.js?1576270786 (1)
[1221/234825.762:INFO:CONSOLE(1)] "avatar created: [object Object]", source: https://shellshock.io/src/shellshock.min.js?1576270786 (1)
[1221/234825.858:INFO:CONSOLE(1)] "Firebase: anonymous user", source: https://shellshock.io/src/shellshock.min.js?1576270786 (1)
[1221/234826.115:INFO:CONSOLE(1)] "'auth' api command", source: https://shellshock.io/src/shellshock.min.js?1576270786 (1)
[1221/234826.115:INFO:CONSOLE(1)] "services server: wss://shellshock.io/services/", source: https://shellshock.io/src/shellshock.min.js?1576270786 (1)
[1221/234826.115:INFO:CONSOLE(1)] "[object WebSocket]", source: https://shellshock.io/src/shellshock.min.js?1576270786 (1)
[1221/234826.766:INFO:CONSOLE(1)] "servicesWs opened, and auth request sent", source: https://shellshock.io/src/shellshock.min.js?1576270786 (1)
[1221/234826.958:INFO:CONSOLE(1)] "Sending user tags to OneSignal...", source: https://shellshock.io/src/shellshock.min.js?1576270786 (1)
[1221/234826.965:INFO:CONSOLE(1)] "Signed in", source: https://shellshock.io/src/shellshock.min.js?1576270786 (1)
[1221/234826.965:INFO:CONSOLE(1)] "Closed: firebaseSignInPopup", source: https://shellshock.io/src/shellshock.min.js?1576270786 (1)
[1221/234826.985:INFO:CONSOLE(1)] "Pinging servers", source: https://shellshock.io/src/shellshock.min.js?1576270786 (1)
[1221/234827.142:INFO:CONSOLE(1)] "auth servicesWs closed, code: 1005", source: https://shellshock.io/src/shellshock.min.js?1576270786 (1)
[1221/234827.142:INFO:CONSOLE(1)] "auth ws closed, code: 1005", source: https://shellshock.io/src/shellshock.min.js?1576270786 (1)
[1221/234827.216:INFO:CONSOLE(1)] "Pinging Germany", source: https://shellshock.io/src/shellshock.min.js?1576270786 (1)
[1221/234827.282:INFO:CONSOLE(1)] "Germany: 66", source: https://shellshock.io/src/shellshock.min.js?1576270786 (1)
[1221/234827.499:INFO:CONSOLE(1)] "Pinging US East", source: https://shellshock.io/src/shellshock.min.js?1576270786 (1)
[1221/234827.528:INFO:CONSOLE(1)] "Pinging US Central", source: https://shellshock.io/src/shellshock.min.js?1576270786 (1)
[1221/234827.610:INFO:CONSOLE(1)] "Pinging US West", source: https://shellshock.io/src/shellshock.min.js?1576270786 (1)
[1221/234827.666:INFO:CONSOLE(1)] "US East: 167", source: https://shellshock.io/src/shellshock.min.js?1576270786 (1)
[1221/234827.700:INFO:CONSOLE(1)] "US Central: 173", source: https://shellshock.io/src/shellshock.min.js?1576270786 (1)
[1221/234827.823:INFO:CONSOLE(1)] "US West: 213", source: https://shellshock.io/src/shellshock.min.js?1576270786 (1)
[1221/234827.838:INFO:CONSOLE(1)] "Pinging Brazil", source: https://shellshock.io/src/shellshock.min.js?1576270786 (1)
[1221/234827.989:INFO:CONSOLE(1)] "Brazil timed out", source: https://shellshock.io/src/shellshock.min.js?1576270786 (1)
[1221/234827.989:INFO:CONSOLE(1)] "Singapore timed out", source: https://shellshock.io/src/shellshock.min.js?1576270786 (1)
[1221/234827.990:INFO:CONSOLE(1)] "WebSocket connection to 'wss://singapore2.shellshock.io/' failed: WebSocket is closed before the connection is established.", source: https://shellshock.io/src/shellshock.min.js?1576270786 (1)
[1221/234827.991:INFO:CONSOLE(1)] "After Game Ready", source: https://shellshock.io/src/shellshock.min.js?1576270786 (1)
[1221/234828.020:INFO:CONSOLE(1)] "Sydney timed out", source: https://shellshock.io/src/shellshock.min.js?1576270786 (1)
[1221/234828.020:INFO:CONSOLE(1)] "WebSocket connection to 'wss://sydney.shellshock.io/' failed: WebSocket is closed before the connection is established.", source: https://shellshock.io/src/shellshock.min.js?1576270786 (1)
[1221/234928.262:WARNING:spdy_session.cc(3326)] Received HEADERS for invalid stream 203
[1221/234944.689:ERROR:ssl_client_socket_impl.cc(947)] handshake failed; returned -1, SSL error code 1, net_error -201
[1221/234945.414:INFO:CONSOLE(1)] "sending", source: https://fashionforward.mako.co.il/c3650cdf-216a-4ba2-80b0-9d6c540b105e58d2670b-ea0f-484e-b88c-0e2c1499ec9bd71e4b42-8570-44e3-89b6-845326fa43b6 (1)
[1221/234946.131:INFO:CONSOLE(11)] "Uncaught TypeError: Cannot read property '0' of undefined", source: https://fashionforward.mako.co.il/wp-content/themes/ff2k14/js/tc-functions.js?ver=1545819015 (11)
[1221/234946.561:INFO:CONSOLE(0)] "ResizeObserver loop limit exceeded", source: https://www.instagram.com/p/B6Qp6-Fgv6X/embed/?cr=1&v=12&wp=630&rd=https%3A%2F%2Ffashionforward.mako.co.il&rp=%2F#%7B%22ci%22%3A0%2C%22os%22%3A2260.7649999990826%2C%22ls%22%3A1640.5949999971199%2C%22le%22%3A1735.354999997071%7D (0)
[1221/234946.655:ERROR:render_media_log.cc(27)] MediaEvent: MEDIA_ERROR_LOG_ENTRY {"error":"FFmpegDemuxer: no supported streams"}
[1221/234946.705:ERROR:render_media_log.cc(27)] MediaEvent: PIPELINE_ERROR DEMUXER_ERROR_NO_SUPPORTED_STREAMS
[1221/234946.859:INFO:CONSOLE(23)] "isAbroad: ", source: https://fashionforward.mako.co.il/wp-content/themes/ff2k14/gdpr.js (23)
[1221/234947.273:INFO:CONSOLE(0)] "ResizeObserver loop limit exceeded", source: https://www.instagram.com/p/B6KIqiEhWD1/embed/?cr=1&v=12&wp=630&rd=https%3A%2F%2Ffashionforward.mako.co.il&rp=%2F#%7B%22ci%22%3A8%2C%22os%22%3A3699.284999998781%2C%22ls%22%3A1640.5949999971199%2C%22le%22%3A1735.354999997071%7D (0)
[1221/234947.912:INFO:CONSOLE(142)] "Synchronous XMLHttpRequest on the main thread is deprecated because of its detrimental effects to the end user's experience. For more help, check https://xhr.spec.whatwg.org/.", source: https://rcs.mako.co.il/js/p13n_mako_v7.js (142)
[1221/234949.331:INFO:CONSOLE(0)] "Uncaught (in promise) AbortError: The play() request was interrupted by a call to pause(). https://goo.gl/LdLk22", source: https://fashionforward.mako.co.il/ (0)
[1221/234950.693:INFO:CONSOLE(12)] "Emily:", source: https://eus.rubiconproject.com/usync.html?geo=na&co=us&s=ms2 (12)
[1221/234951.440:INFO:CONSOLE(23)] "[Facebook Pixel] - You are sending a non-standard event 'Mako_NextGen'. The preferred way to send these events is using trackCustom. See 'https://developers.facebook.com/docs/ads-for-websites/pixel-events/#events' for more information.", source: https://connect.facebook.net/en_US/fbevents.js (23)
[1221/234952.727:INFO:CONSOLE(23)] "[Facebook Pixel] - You are sending a non-standard event 'Mako_NextGen'. The preferred way to send these events is using trackCustom. See 'https://developers.facebook.com/docs/ads-for-websites/pixel-events/#events' for more information.", source: https://connect.facebook.net/en_US/fbevents.js (23)
[1221/234953.830:INFO:CONSOLE(365)] "%c action %c--- INIT.START --- %c@ 23:49:53.828", source: https://fashionforwardproject.mako.co.il/main.796db62a46db0743f5f9.js (365)
[1221/234953.831:INFO:CONSOLE(365)] "%c prev state", source: https://fashionforwardproject.mako.co.il/main.796db62a46db0743f5f9.js (365)
[1221/234953.831:INFO:CONSOLE(365)] "%c action    ", source: https://fashionforwardproject.mako.co.il/main.796db62a46db0743f5f9.js (365)
[1221/234953.831:INFO:CONSOLE(365)] "%c next state", source: https://fashionforwardproject.mako.co.il/main.796db62a46db0743f5f9.js (365)
[1221/234953.831:INFO:CONSOLE(365)] "console.groupEnd", source: https://fashionforwardproject.mako.co.il/main.796db62a46db0743f5f9.js (365)
[1221/234953.832:INFO:CONSOLE(365)] "%c action %cGET_SETTINGS_START %c@ 23:49:53.831", source: https://fashionforwardproject.mako.co.il/main.796db62a46db0743f5f9.js (365)
[1221/234953.832:INFO:CONSOLE(365)] "%c prev state", source: https://fashionforwardproject.mako.co.il/main.796db62a46db0743f5f9.js (365)
[1221/234953.832:INFO:CONSOLE(365)] "%c action    ", source: https://fashionforwardproject.mako.co.il/main.796db62a46db0743f5f9.js (365)
[1221/234953.832:INFO:CONSOLE(365)] "%c next state", source: https://fashionforwardproject.mako.co.il/main.796db62a46db0743f5f9.js (365)
[1221/234953.832:INFO:CONSOLE(365)] "console.groupEnd", source: https://fashionforwardproject.mako.co.il/main.796db62a46db0743f5f9.js (365)
[1221/234953.834:INFO:CONSOLE(365)] "%c action %cGET_CATEGORIES_START %c@ 23:49:53.833", source: https://fashionforwardproject.mako.co.il/main.796db62a46db0743f5f9.js (365)
[1221/234953.834:INFO:CONSOLE(365)] "%c prev state", source: https://fashionforwardproject.mako.co.il/main.796db62a46db0743f5f9.js (365)
[1221/234953.834:INFO:CONSOLE(365)] "%c action    ", source: https://fashionforwardproject.mako.co.il/main.796db62a46db0743f5f9.js (365)
[1221/234953.834:INFO:CONSOLE(365)] "%c next state", source: https://fashionforwardproject.mako.co.il/main.796db62a46db0743f5f9.js (365)
[1221/234953.834:INFO:CONSOLE(365)] "console.groupEnd", source: https://fashionforwardproject.mako.co.il/main.796db62a46db0743f5f9.js (365)
[1221/234953.945:INFO:CONSOLE(365)] "%c action %cGET_CATEGORIES_SUCCESS %c@ 23:49:53.944", source: https://fashionforwardproject.mako.co.il/main.796db62a46db0743f5f9.js (365)
[1221/234953.946:INFO:CONSOLE(365)] "%c prev state", source: https://fashionforwardproject.mako.co.il/main.796db62a46db0743f5f9.js (365)
[1221/234953.946:INFO:CONSOLE(365)] "%c action    ", source: https://fashionforwardproject.mako.co.il/main.796db62a46db0743f5f9.js (365)
[1221/234953.946:INFO:CONSOLE(365)] "%c next state", source: https://fashionforwardproject.mako.co.il/main.796db62a46db0743f5f9.js (365)
[1221/234953.946:INFO:CONSOLE(365)] "console.groupEnd", source: https://fashionforwardproject.mako.co.il/main.796db62a46db0743f5f9.js (365)
[1221/234954.352:INFO:CONSOLE(365)] "%c action %cGET_SETTINGS_SUCCESS %c@ 23:49:54.320", source: https://fashionforwardproject.mako.co.il/main.796db62a46db0743f5f9.js (365)
[1221/234954.353:INFO:CONSOLE(365)] "%c prev state", source: https://fashionforwardproject.mako.co.il/main.796db62a46db0743f5f9.js (365)
[1221/234954.353:INFO:CONSOLE(365)] "%c action    ", source: https://fashionforwardproject.mako.co.il/main.796db62a46db0743f5f9.js (365)
[1221/234954.353:INFO:CONSOLE(365)] "%c next state", source: https://fashionforwardproject.mako.co.il/main.796db62a46db0743f5f9.js (365)
[1221/234954.353:INFO:CONSOLE(365)] "console.groupEnd", source: https://fashionforwardproject.mako.co.il/main.796db62a46db0743f5f9.js (365)
[1221/234954.357:INFO:CONSOLE(365)] "%c action %cGET_ITEMS_START %c@ 23:49:54.356", source: https://fashionforwardproject.mako.co.il/main.796db62a46db0743f5f9.js (365)
[1221/234954.358:INFO:CONSOLE(365)] "%c prev state", source: https://fashionforwardproject.mako.co.il/main.796db62a46db0743f5f9.js (365)
[1221/234954.358:INFO:CONSOLE(365)] "%c action    ", source: https://fashionforwardproject.mako.co.il/main.796db62a46db0743f5f9.js (365)
[1221/234954.358:INFO:CONSOLE(365)] "%c next state", source: https://fashionforwardproject.mako.co.il/main.796db62a46db0743f5f9.js (365)
[1221/234954.359:INFO:CONSOLE(365)] "console.groupEnd", source: https://fashionforwardproject.mako.co.il/main.796db62a46db0743f5f9.js (365)
[1221/234954.359:INFO:CONSOLE(365)] "%c action %c--- INIT.SUCCESS --- %c@ 23:49:54.359", source: https://fashionforwardproject.mako.co.il/main.796db62a46db0743f5f9.js (365)
[1221/234954.360:INFO:CONSOLE(365)] "%c prev state", source: https://fashionforwardproject.mako.co.il/main.796db62a46db0743f5f9.js (365)
[1221/234954.360:INFO:CONSOLE(365)] "%c action    ", source: https://fashionforwardproject.mako.co.il/main.796db62a46db0743f5f9.js (365)
[1221/234954.360:INFO:CONSOLE(365)] "%c next state", source: https://fashionforwardproject.mako.co.il/main.796db62a46db0743f5f9.js (365)
[1221/234954.360:INFO:CONSOLE(365)] "console.groupEnd", source: https://fashionforwardproject.mako.co.il/main.796db62a46db0743f5f9.js (365)
[1221/234954.433:WARNING:angle_platform_impl.cc(52)] compileToBinary(259): 
C:\fakepath(67,9-52): warning X3571: pow(f, e) will not work for negative f, use abs(f) or conditionally handle negative values if you expect them

[1221/234954.443:WARNING:angle_platform_impl.cc(52)] compileToBinary(259): 
C:\fakepath(67,23-43): warning X3571: pow(f, e) will not work for negative f, use abs(f) or conditionally handle negative values if you expect them

[1221/234954.642:ERROR:render_media_log.cc(27)] MediaEvent: MEDIA_ERROR_LOG_ENTRY {"error":"FFmpegDemuxer: no supported streams"}
[1221/234954.643:ERROR:render_media_log.cc(27)] MediaEvent: PIPELINE_ERROR DEMUXER_ERROR_NO_SUPPORTED_STREAMS
[1221/234955.249:INFO:CONSOLE(365)] "%c action %cGET_ITEMS_SUCCESS %c@ 23:49:55.086", source: https://fashionforwardproject.mako.co.il/main.796db62a46db0743f5f9.js (365)
[1221/234955.250:INFO:CONSOLE(365)] "%c prev state", source: https://fashionforwardproject.mako.co.il/main.796db62a46db0743f5f9.js (365)
[1221/234955.250:INFO:CONSOLE(365)] "%c action    ", source: https://fashionforwardproject.mako.co.il/main.796db62a46db0743f5f9.js (365)
[1221/234955.250:INFO:CONSOLE(365)] "%c next state", source: https://fashionforwardproject.mako.co.il/main.796db62a46db0743f5f9.js (365)
[1221/234955.250:INFO:CONSOLE(365)] "console.groupEnd", source: https://fashionforwardproject.mako.co.il/main.796db62a46db0743f5f9.js (365)
[1221/234955.272:ERROR:render_media_log.cc(27)] MediaEvent: MEDIA_ERROR_LOG_ENTRY {"error":"FFmpegDemuxer: no supported streams"}
[1221/234955.273:ERROR:render_media_log.cc(27)] MediaEvent: PIPELINE_ERROR DEMUXER_ERROR_NO_SUPPORTED_STREAMS
[1221/235003.330:INFO:CONSOLE(0)] "Uncaught (in promise) AbortError: The play() request was interrupted by a call to pause(). https://goo.gl/LdLk22", source: https://fashionforward.mako.co.il/ (0)
[1223/181115.030:WARNING:spdy_session.cc(3326)] Received HEADERS for invalid stream 61
[1223/181127.429:ERROR:browser_process_sub_thread.cc(221)] Waited 22 ms for network service
[1224/115230.575:INFO:CONSOLE(0)] "HTML Imports is deprecated and will be removed in M73, around March 2019. Please use ES modules instead. See https://www.chromestatus.com/features/5144752345317376 for more details.", source:  (0)
[1224/115231.980:INFO:CONSOLE(0)] "Refused to display 'https://accounts.google.com/ServiceLogin?continue=https%3A%2F%2Fwww.youtube.com%2Fsignin%3Fhl%3Den%26feature%3Dpassive%26app%3Ddesktop%26next%3D%252Fsignin_passive%26action_handle_signin%3Dtrue&hl=en&service=youtube&passive=true&uilel=3' in a frame because it set 'X-Frame-Options' to 'deny'.", source: https://www.youtube.com/ (0)
[1224/115232.479:INFO:CONSOLE(15)] "chrome.loadTimes() is deprecated, instead use standardized API: nextHopProtocol in Navigation Timing 2. https://www.chromestatus.com/features/5637885046816768.", source: https://www.youtube.com/yts/jsbin/network-vflX047bV/network.js (15)
[1224/115235.525:INFO:CONSOLE(0)] "The resource https://i.ytimg.com/generate_204 was preloaded using link preload but not used within a few seconds from the window's load event. Please make sure it has an appropriate `as` value and it is preloaded intentionally.", source:  (0)
[1224/115243.089:WARNING:spdy_session.cc(3326)] Received HEADERS for invalid stream 67
[1224/115251.802:INFO:CONSOLE(0)] "HTML Imports is deprecated and will be removed in M73, around March 2019. Please use ES modules instead. See https://www.chromestatus.com/features/5144752345317376 for more details.", source:  (0)
[1224/115253.014:INFO:CONSOLE(15)] "chrome.loadTimes() is deprecated, instead use standardized API: nextHopProtocol in Navigation Timing 2. https://www.chromestatus.com/features/5637885046816768.", source: https://www.youtube.com/yts/jsbin/network-vflX047bV/network.js (15)
[1224/115256.165:INFO:CONSOLE(0)] "The resource https://i.ytimg.com/generate_204 was preloaded using link preload but not used within a few seconds from the window's load event. Please make sure it has an appropriate `as` value and it is preloaded intentionally.", source:  (0)
[1224/115412.590:INFO:CONSOLE(1)] "Uncaught ReferenceError: getElementById is not defined", source: about:blank (1)
[1224/115414.675:INFO:CONSOLE(1)] "Uncaught ReferenceError: getElementById is not defined", source: about:blank (1)
[1224/115417.046:INFO:CONSOLE(1)] "Uncaught ReferenceError: getElementById is not defined", source: about:blank (1)
[1224/115417.231:INFO:CONSOLE(1)] "Uncaught ReferenceError: getElementById is not defined", source: about:blank (1)
[1224/115417.422:INFO:CONSOLE(1)] "Uncaught ReferenceError: getElementById is not defined", source: about:blank (1)
[1224/115417.612:INFO:CONSOLE(1)] "Uncaught ReferenceError: getElementById is not defined", source: about:blank (1)
[1224/115425.119:INFO:CONSOLE(1)] "Uncaught ReferenceError: getElementById is not defined", source: about:blank (1)
[1224/115426.451:INFO:CONSOLE(1)] "Uncaught ReferenceError: getElementById is not defined", source: about:blank (1)
[1224/115429.681:INFO:CONSOLE(1)] "Uncaught ReferenceError: getElementById is not defined", source: about:blank (1)
[1224/115442.224:ERROR:browser_process_sub_thread.cc(221)] Waited 15 ms for network service
[1224/120045.583:INFO:CONSOLE(0)] "HTML Imports is deprecated and will be removed in M73, around March 2019. Please use ES modules instead. See https://www.chromestatus.com/features/5144752345317376 for more details.", source:  (0)
[1224/120046.855:INFO:CONSOLE(0)] "Refused to display 'https://accounts.google.com/ServiceLogin?continue=https%3A%2F%2Fwww.youtube.com%2Fsignin%3Fapp%3Ddesktop%26action_handle_signin%3Dtrue%26next%3D%252Fsignin_passive%26feature%3Dpassive%26hl%3Den&passive=true&service=youtube&hl=en&uilel=3' in a frame because it set 'X-Frame-Options' to 'deny'.", source: https://www.youtube.com/ (0)
[1224/120047.148:INFO:CONSOLE(15)] "chrome.loadTimes() is deprecated, instead use standardized API: nextHopProtocol in Navigation Timing 2. https://www.chromestatus.com/features/5637885046816768.", source: https://www.youtube.com/yts/jsbin/network-vflX047bV/network.js (15)
[1224/120050.152:INFO:CONSOLE(0)] "The resource https://i.ytimg.com/generate_204 was preloaded using link preload but not used within a few seconds from the window's load event. Please make sure it has an appropriate `as` value and it is preloaded intentionally.", source:  (0)
[1224/120218.111:INFO:CONSOLE(432)] "chrome.loadTimes() is deprecated, instead use standardized API: nextHopProtocol in Navigation Timing 2. https://www.chromestatus.com/features/5637885046816768.", source: https://apis.google.com/_/scs/abc-static/_/js/k=gapi.gapi.en.7kWSr24wXFc.O/m=gapi_iframes,googleapis_client,plusone/rt=j/sv=1/d=1/ed=1/rs=AHpOoo-i9r7IbCTUQfJ0v-FPhRKRS8aihQ/cb=gapi.loaded_0 (432)
[1224/120218.112:INFO:CONSOLE(432)] "chrome.loadTimes() is deprecated, instead use standardized API: nextHopProtocol in Navigation Timing 2. https://www.chromestatus.com/features/5637885046816768.", source: https://apis.google.com/_/scs/abc-static/_/js/k=gapi.gapi.en.7kWSr24wXFc.O/m=gapi_iframes,googleapis_client,plusone/rt=j/sv=1/d=1/ed=1/rs=AHpOoo-i9r7IbCTUQfJ0v-FPhRKRS8aihQ/cb=gapi.loaded_0 (432)
[1224/120218.112:INFO:CONSOLE(432)] "chrome.loadTimes() is deprecated, instead use standardized API: nextHopProtocol in Navigation Timing 2. https://www.chromestatus.com/features/5637885046816768.", source: https://apis.google.com/_/scs/abc-static/_/js/k=gapi.gapi.en.7kWSr24wXFc.O/m=gapi_iframes,googleapis_client,plusone/rt=j/sv=1/d=1/ed=1/rs=AHpOoo-i9r7IbCTUQfJ0v-FPhRKRS8aihQ/cb=gapi.loaded_0 (432)
[1224/120218.112:INFO:CONSOLE(432)] "chrome.loadTimes() is deprecated, instead use standardized API: nextHopProtocol in Navigation Timing 2. https://www.chromestatus.com/features/5637885046816768.", source: https://apis.google.com/_/scs/abc-static/_/js/k=gapi.gapi.en.7kWSr24wXFc.O/m=gapi_iframes,googleapis_client,plusone/rt=j/sv=1/d=1/ed=1/rs=AHpOoo-i9r7IbCTUQfJ0v-FPhRKRS8aihQ/cb=gapi.loaded_0 (432)
[1224/120235.056:WARNING:spdy_session.cc(3326)] Received HEADERS for invalid stream 3
[1224/120236.127:INFO:CONSOLE(1)] "iPerceptions Warning: Domain validation does not find www.nasa.gov", source: https://universal.iperceptions.com/wrapper.js (1)
[1224/120237.507:WARNING:angle_platform_impl.cc(52)] compileToBinary(259): 
C:\fakepath(75,10-54): warning X3571: pow(f, e) will not work for negative f, use abs(f) or conditionally handle negative values if you expect them
C:\fakepath(97,10-54): warning X3571: pow(f, e) will not work for negative f, use abs(f) or conditionally handle negative values if you expect them

[1224/120352.065:WARNING:spdy_session.cc(3326)] Received HEADERS for invalid stream 3
[1224/120354.453:INFO:CONSOLE(1)] "iPerceptions Warning: Domain validation does not find www.nasa.gov", source: https://universal.iperceptions.com/wrapper.js (1)
[1224/120720.007:WARNING:spdy_session.cc(3326)] Received HEADERS for invalid stream 3
[1224/120721.000:INFO:CONSOLE(1)] "iPerceptions Warning: Domain validation does not find www.nasa.gov", source: https://universal.iperceptions.com/wrapper.js (1)
[1224/120723.799:WARNING:angle_platform_impl.cc(52)] compileToBinary(259): 
C:\fakepath(75,10-54): warning X3571: pow(f, e) will not work for negative f, use abs(f) or conditionally handle negative values if you expect them
C:\fakepath(97,10-54): warning X3571: pow(f, e) will not work for negative f, use abs(f) or conditionally handle negative values if you expect them

[1224/120738.114:INFO:CONSOLE(1)] "iPerceptions Warning: Domain validation does not find www.nasa.gov", source: https://universal.iperceptions.com/wrapper.js (1)
[1224/120739.071:INFO:CONSOLE(25)] "Deprecation warning: use moment.updateLocale(localeName, config) to change an existing locale. moment.defineLocale(localeName, config) should only be used for creating a new locale See http://momentjs.com/guides/#/warnings/define-locale/ for more info.", source: https://www.nasa.gov/sites/all/themes/custom/nasatwo/js/vendor.js? (25)
[1224/120741.559:INFO:CONSOLE(1)] "iPerceptions Warning: Domain validation does not find www.nasa.gov", source: https://universal.iperceptions.com/wrapper.js (1)
[1224/120748.512:INFO:CONSOLE(1)] "iPerceptions Warning: Domain validation does not find www.nasa.gov", source: https://universal.iperceptions.com/wrapper.js (1)
[1224/120926.124:INFO:CONSOLE(1)] "iPerceptions Warning: Domain validation does not find www.nasa.gov", source: https://universal.iperceptions.com/wrapper.js (1)
[1224/120928.243:WARNING:angle_platform_impl.cc(52)] compileToBinary(259): 
C:\fakepath(75,10-54): warning X3571: pow(f, e) will not work for negative f, use abs(f) or conditionally handle negative values if you expect them
C:\fakepath(97,10-54): warning X3571: pow(f, e) will not work for negative f, use abs(f) or conditionally handle negative values if you expect them

[1224/120934.506:INFO:CONSOLE(1)] "iPerceptions Warning: Domain validation does not find www.nasa.gov", source: https://universal.iperceptions.com/wrapper.js (1)
[1224/120940.290:INFO:CONSOLE(1)] "iPerceptions Warning: Domain validation does not find www.nasa.gov", source: https://universal.iperceptions.com/wrapper.js (1)
[1224/121133.066:WARNING:spdy_session.cc(3326)] Received HEADERS for invalid stream 3
[1224/121133.151:WARNING:angle_platform_impl.cc(52)] compileToBinary(259): 
C:\fakepath(75,10-54): warning X3571: pow(f, e) will not work for negative f, use abs(f) or conditionally handle negative values if you expect them
C:\fakepath(97,10-54): warning X3571: pow(f, e) will not work for negative f, use abs(f) or conditionally handle negative values if you expect them

[1224/121134.008:INFO:CONSOLE(1)] "iPerceptions Warning: Domain validation does not find www.nasa.gov", source: https://universal.iperceptions.com/wrapper.js (1)
[1224/121135.801:INFO:CONSOLE(1)] "iPerceptions Warning: Domain validation does not find www.nasa.gov", source: https://universal.iperceptions.com/wrapper.js (1)
[1224/121248.454:WARNING:spdy_session.cc(3326)] Received HEADERS for invalid stream 3
[1224/121248.732:WARNING:angle_platform_impl.cc(52)] compileToBinary(259): 
C:\fakepath(75,10-54): warning X3571: pow(f, e) will not work for negative f, use abs(f) or conditionally handle negative values if you expect them
C:\fakepath(97,10-54): warning X3571: pow(f, e) will not work for negative f, use abs(f) or conditionally handle negative values if you expect them

[1224/121249.546:INFO:CONSOLE(1)] "iPerceptions Warning: Domain validation does not find www.nasa.gov", source: https://universal.iperceptions.com/wrapper.js (1)
